{"/Users/peternagel/workspace/lob/lob-node/lib/lob.js":{"path":"/Users/peternagel/workspace/lob/lob-node/lib/lob.js","s":{"1":1,"2":1,"3":1,"4":1,"5":1,"6":1,"7":1,"8":1,"9":1,"10":1,"11":1,"12":1,"13":11,"14":11,"15":11,"16":0,"17":11,"18":11,"19":11,"20":11,"21":11,"22":11,"23":11,"24":11,"25":11,"26":11,"27":11,"28":1},"b":{"1":[11,0]},"f":{"1":11},"fnMap":{"1":{"name":"(anonymous_1)","line":21,"loc":{"start":{"line":21,"column":10},"end":{"line":21,"column":28}}}},"statementMap":{"1":{"start":{"line":9,"column":0},"end":{"line":9,"column":39}},"2":{"start":{"line":10,"column":0},"end":{"line":10,"column":49}},"3":{"start":{"line":11,"column":0},"end":{"line":11,"column":55}},"4":{"start":{"line":12,"column":0},"end":{"line":12,"column":49}},"5":{"start":{"line":13,"column":0},"end":{"line":13,"column":43}},"6":{"start":{"line":14,"column":0},"end":{"line":14,"column":45}},"7":{"start":{"line":15,"column":0},"end":{"line":15,"column":47}},"8":{"start":{"line":16,"column":0},"end":{"line":16,"column":47}},"9":{"start":{"line":17,"column":0},"end":{"line":17,"column":49}},"10":{"start":{"line":18,"column":0},"end":{"line":18,"column":43}},"11":{"start":{"line":19,"column":0},"end":{"line":19,"column":55}},"12":{"start":{"line":21,"column":0},"end":{"line":39,"column":2}},"13":{"start":{"line":22,"column":2},"end":{"line":27,"column":3}},"14":{"start":{"line":23,"column":4},"end":{"line":23,"column":46}},"15":{"start":{"line":24,"column":4},"end":{"line":24,"column":25}},"16":{"start":{"line":26,"column":4},"end":{"line":26,"column":43}},"17":{"start":{"line":28,"column":2},"end":{"line":28,"column":29}},"18":{"start":{"line":29,"column":2},"end":{"line":29,"column":39}},"19":{"start":{"line":30,"column":2},"end":{"line":30,"column":45}},"20":{"start":{"line":31,"column":2},"end":{"line":31,"column":33}},"21":{"start":{"line":32,"column":2},"end":{"line":32,"column":39}},"22":{"start":{"line":33,"column":2},"end":{"line":33,"column":35}},"23":{"start":{"line":34,"column":2},"end":{"line":34,"column":37}},"24":{"start":{"line":35,"column":2},"end":{"line":35,"column":37}},"25":{"start":{"line":36,"column":2},"end":{"line":36,"column":39}},"26":{"start":{"line":37,"column":2},"end":{"line":37,"column":33}},"27":{"start":{"line":38,"column":2},"end":{"line":38,"column":45}},"28":{"start":{"line":41,"column":0},"end":{"line":41,"column":21}}},"branchMap":{"1":{"line":22,"type":"if","locations":[{"start":{"line":22,"column":2},"end":{"line":22,"column":2}},{"start":{"line":22,"column":2},"end":{"line":22,"column":2}}]}}},"/Users/peternagel/workspace/lob/lob-node/lib/resources/jobs.js":{"path":"/Users/peternagel/workspace/lob/lob-node/lib/resources/jobs.js","s":{"1":1,"2":1,"3":1,"4":1,"5":11,"6":11,"7":11,"8":1,"9":3,"10":3,"11":1,"12":2,"13":3,"14":1,"15":3,"16":3,"17":3,"18":1,"19":1,"20":1,"21":2,"22":2,"23":3,"24":3,"25":1,"26":2,"27":1,"28":6,"29":6,"30":6,"31":0,"32":6,"33":6,"34":6,"35":24,"36":18,"37":10,"38":80,"39":8,"40":6,"41":7,"42":7,"43":6,"44":1,"45":6,"46":18,"47":1,"48":1},"b":{"1":[1,2],"2":[1,2],"3":[2,0],"4":[2,2],"5":[1,2],"6":[0,6],"7":[18,6],"8":[10,8],"9":[6,1],"10":[1,5]},"f":{"1":11,"2":3,"3":3,"4":3,"5":3,"6":6,"7":6},"fnMap":{"1":{"name":"Jobs","line":6,"loc":{"start":{"line":6,"column":0},"end":{"line":6,"column":22}}},"2":{"name":"(anonymous_2)","line":12,"loc":{"start":{"line":12,"column":26},"end":{"line":12,"column":44}}},"3":{"name":"(anonymous_3)","line":25,"loc":{"start":{"line":25,"column":7},"end":{"line":25,"column":29}}},"4":{"name":"(anonymous_4)","line":35,"loc":{"start":{"line":35,"column":22},"end":{"line":35,"column":45}}},"5":{"name":"(anonymous_5)","line":63,"loc":{"start":{"line":63,"column":7},"end":{"line":63,"column":29}}},"6":{"name":"(anonymous_6)","line":72,"loc":{"start":{"line":72,"column":24},"end":{"line":72,"column":47}}},"7":{"name":"(anonymous_7)","line":85,"loc":{"start":{"line":85,"column":31},"end":{"line":85,"column":52}}}},"statementMap":{"1":{"start":{"line":1,"column":0},"end":{"line":1,"column":23}},"2":{"start":{"line":2,"column":0},"end":{"line":2,"column":9}},"3":{"start":{"line":3,"column":0},"end":{"line":3,"column":33}},"4":{"start":{"line":6,"column":0},"end":{"line":10,"column":1}},"5":{"start":{"line":7,"column":2},"end":{"line":7,"column":38}},"6":{"start":{"line":8,"column":2},"end":{"line":8,"column":30}},"7":{"start":{"line":9,"column":2},"end":{"line":9,"column":14}},"8":{"start":{"line":12,"column":0},"end":{"line":33,"column":2}},"9":{"start":{"line":13,"column":2},"end":{"line":31,"column":7}},"10":{"start":{"line":26,"column":6},"end":{"line":30,"column":7}},"11":{"start":{"line":27,"column":8},"end":{"line":27,"column":32}},"12":{"start":{"line":29,"column":8},"end":{"line":29,"column":22}},"13":{"start":{"line":32,"column":2},"end":{"line":32,"column":14}},"14":{"start":{"line":35,"column":0},"end":{"line":70,"column":2}},"15":{"start":{"line":36,"column":2},"end":{"line":36,"column":12}},"16":{"start":{"line":37,"column":2},"end":{"line":37,"column":13}},"17":{"start":{"line":38,"column":2},"end":{"line":45,"column":3}},"18":{"start":{"line":39,"column":4},"end":{"line":39,"column":15}},"19":{"start":{"line":40,"column":4},"end":{"line":40,"column":15}},"20":{"start":{"line":41,"column":4},"end":{"line":41,"column":19}},"21":{"start":{"line":43,"column":4},"end":{"line":43,"column":32}},"22":{"start":{"line":44,"column":4},"end":{"line":44,"column":33}},"23":{"start":{"line":47,"column":2},"end":{"line":69,"column":7}},"24":{"start":{"line":64,"column":6},"end":{"line":68,"column":7}},"25":{"start":{"line":65,"column":8},"end":{"line":65,"column":32}},"26":{"start":{"line":67,"column":8},"end":{"line":67,"column":22}},"27":{"start":{"line":72,"column":0},"end":{"line":120,"column":2}},"28":{"start":{"line":73,"column":2},"end":{"line":83,"column":4}},"29":{"start":{"line":85,"column":2},"end":{"line":91,"column":5}},"30":{"start":{"line":86,"column":4},"end":{"line":90,"column":5}},"31":{"start":{"line":87,"column":6},"end":{"line":87,"column":30}},"32":{"start":{"line":89,"column":6},"end":{"line":89,"column":20}},"33":{"start":{"line":92,"column":2},"end":{"line":92,"column":24}},"34":{"start":{"line":94,"column":2},"end":{"line":104,"column":3}},"35":{"start":{"line":95,"column":4},"end":{"line":103,"column":5}},"36":{"start":{"line":96,"column":6},"end":{"line":102,"column":7}},"37":{"start":{"line":97,"column":8},"end":{"line":99,"column":9}},"38":{"start":{"line":98,"column":10},"end":{"line":98,"column":57}},"39":{"start":{"line":101,"column":8},"end":{"line":101,"column":34}},"40":{"start":{"line":106,"column":2},"end":{"line":119,"column":3}},"41":{"start":{"line":107,"column":4},"end":{"line":107,"column":32}},"42":{"start":{"line":108,"column":4},"end":{"line":118,"column":5}},"43":{"start":{"line":109,"column":6},"end":{"line":111,"column":7}},"44":{"start":{"line":110,"column":8},"end":{"line":110,"column":59}},"45":{"start":{"line":113,"column":6},"end":{"line":115,"column":7}},"46":{"start":{"line":114,"column":8},"end":{"line":114,"column":74}},"47":{"start":{"line":117,"column":6},"end":{"line":117,"column":53}},"48":{"start":{"line":122,"column":0},"end":{"line":122,"column":22}}},"branchMap":{"1":{"line":26,"type":"if","locations":[{"start":{"line":26,"column":6},"end":{"line":26,"column":6}},{"start":{"line":26,"column":6},"end":{"line":26,"column":6}}]},"2":{"line":38,"type":"if","locations":[{"start":{"line":38,"column":2},"end":{"line":38,"column":2}},{"start":{"line":38,"column":2},"end":{"line":38,"column":2}}]},"3":{"line":43,"type":"binary-expr","locations":[{"start":{"line":43,"column":12},"end":{"line":43,"column":25}},{"start":{"line":43,"column":29},"end":{"line":43,"column":31}}]},"4":{"line":44,"type":"binary-expr","locations":[{"start":{"line":44,"column":13},"end":{"line":44,"column":27}},{"start":{"line":44,"column":31},"end":{"line":44,"column":32}}]},"5":{"line":64,"type":"if","locations":[{"start":{"line":64,"column":6},"end":{"line":64,"column":6}},{"start":{"line":64,"column":6},"end":{"line":64,"column":6}}]},"6":{"line":86,"type":"if","locations":[{"start":{"line":86,"column":4},"end":{"line":86,"column":4}},{"start":{"line":86,"column":4},"end":{"line":86,"column":4}}]},"7":{"line":95,"type":"if","locations":[{"start":{"line":95,"column":4},"end":{"line":95,"column":4}},{"start":{"line":95,"column":4},"end":{"line":95,"column":4}}]},"8":{"line":96,"type":"if","locations":[{"start":{"line":96,"column":6},"end":{"line":96,"column":6}},{"start":{"line":96,"column":6},"end":{"line":96,"column":6}}]},"9":{"line":108,"type":"if","locations":[{"start":{"line":108,"column":4},"end":{"line":108,"column":4}},{"start":{"line":108,"column":4},"end":{"line":108,"column":4}}]},"10":{"line":109,"type":"if","locations":[{"start":{"line":109,"column":6},"end":{"line":109,"column":6}},{"start":{"line":109,"column":6},"end":{"line":109,"column":6}}]}}},"/Users/peternagel/workspace/lob/lob-node/lib/resources/addresses.js":{"path":"/Users/peternagel/workspace/lob/lob-node/lib/resources/addresses.js","s":{"1":1,"2":1,"3":1,"4":11,"5":11,"6":11,"7":1,"8":1,"9":1,"10":0,"11":1,"12":1,"13":1,"14":0,"15":0,"16":0,"17":0,"18":1,"19":9,"20":9,"21":9,"22":1,"23":1,"24":1,"25":8,"26":8,"27":9,"28":9,"29":0,"30":9,"31":1,"32":7,"33":7,"34":4,"35":3,"36":1},"b":{"1":[0,1],"2":[0,0],"3":[1,8],"4":[8,1],"5":[8,6],"6":[0,9],"7":[4,3]},"f":{"1":11,"2":1,"3":1,"4":0,"5":0,"6":9,"7":9,"8":7,"9":7},"fnMap":{"1":{"name":"Addresses","line":5,"loc":{"start":{"line":5,"column":0},"end":{"line":5,"column":27}}},"2":{"name":"(anonymous_2)","line":11,"loc":{"start":{"line":11,"column":31},"end":{"line":11,"column":49}}},"3":{"name":"(anonymous_3)","line":24,"loc":{"start":{"line":24,"column":7},"end":{"line":24,"column":29}}},"4":{"name":"(anonymous_4)","line":34,"loc":{"start":{"line":34,"column":29},"end":{"line":34,"column":47}}},"5":{"name":"(anonymous_5)","line":47,"loc":{"start":{"line":47,"column":7},"end":{"line":47,"column":29}}},"6":{"name":"(anonymous_6)","line":56,"loc":{"start":{"line":56,"column":27},"end":{"line":56,"column":50}}},"7":{"name":"(anonymous_7)","line":84,"loc":{"start":{"line":84,"column":7},"end":{"line":84,"column":29}}},"8":{"name":"(anonymous_8)","line":93,"loc":{"start":{"line":93,"column":29},"end":{"line":93,"column":52}}},"9":{"name":"(anonymous_9)","line":107,"loc":{"start":{"line":107,"column":7},"end":{"line":107,"column":29}}}},"statementMap":{"1":{"start":{"line":1,"column":0},"end":{"line":1,"column":14}},"2":{"start":{"line":2,"column":0},"end":{"line":2,"column":33}},"3":{"start":{"line":5,"column":0},"end":{"line":9,"column":1}},"4":{"start":{"line":6,"column":2},"end":{"line":6,"column":43}},"5":{"start":{"line":7,"column":2},"end":{"line":7,"column":30}},"6":{"start":{"line":8,"column":2},"end":{"line":8,"column":14}},"7":{"start":{"line":11,"column":0},"end":{"line":32,"column":2}},"8":{"start":{"line":12,"column":2},"end":{"line":30,"column":7}},"9":{"start":{"line":25,"column":6},"end":{"line":29,"column":7}},"10":{"start":{"line":26,"column":8},"end":{"line":26,"column":32}},"11":{"start":{"line":28,"column":8},"end":{"line":28,"column":22}},"12":{"start":{"line":31,"column":2},"end":{"line":31,"column":14}},"13":{"start":{"line":34,"column":0},"end":{"line":54,"column":2}},"14":{"start":{"line":35,"column":2},"end":{"line":53,"column":7}},"15":{"start":{"line":48,"column":6},"end":{"line":52,"column":7}},"16":{"start":{"line":49,"column":8},"end":{"line":49,"column":32}},"17":{"start":{"line":51,"column":8},"end":{"line":51,"column":22}},"18":{"start":{"line":56,"column":0},"end":{"line":91,"column":2}},"19":{"start":{"line":57,"column":2},"end":{"line":57,"column":12}},"20":{"start":{"line":58,"column":2},"end":{"line":58,"column":13}},"21":{"start":{"line":59,"column":2},"end":{"line":66,"column":3}},"22":{"start":{"line":60,"column":4},"end":{"line":60,"column":15}},"23":{"start":{"line":61,"column":4},"end":{"line":61,"column":15}},"24":{"start":{"line":62,"column":4},"end":{"line":62,"column":19}},"25":{"start":{"line":64,"column":4},"end":{"line":64,"column":32}},"26":{"start":{"line":65,"column":4},"end":{"line":65,"column":33}},"27":{"start":{"line":68,"column":2},"end":{"line":90,"column":7}},"28":{"start":{"line":85,"column":6},"end":{"line":89,"column":7}},"29":{"start":{"line":86,"column":8},"end":{"line":86,"column":32}},"30":{"start":{"line":88,"column":8},"end":{"line":88,"column":22}},"31":{"start":{"line":93,"column":0},"end":{"line":114,"column":2}},"32":{"start":{"line":94,"column":2},"end":{"line":113,"column":7}},"33":{"start":{"line":108,"column":6},"end":{"line":112,"column":7}},"34":{"start":{"line":109,"column":8},"end":{"line":109,"column":32}},"35":{"start":{"line":111,"column":8},"end":{"line":111,"column":22}},"36":{"start":{"line":116,"column":0},"end":{"line":116,"column":27}}},"branchMap":{"1":{"line":25,"type":"if","locations":[{"start":{"line":25,"column":6},"end":{"line":25,"column":6}},{"start":{"line":25,"column":6},"end":{"line":25,"column":6}}]},"2":{"line":48,"type":"if","locations":[{"start":{"line":48,"column":6},"end":{"line":48,"column":6}},{"start":{"line":48,"column":6},"end":{"line":48,"column":6}}]},"3":{"line":59,"type":"if","locations":[{"start":{"line":59,"column":2},"end":{"line":59,"column":2}},{"start":{"line":59,"column":2},"end":{"line":59,"column":2}}]},"4":{"line":64,"type":"binary-expr","locations":[{"start":{"line":64,"column":12},"end":{"line":64,"column":25}},{"start":{"line":64,"column":29},"end":{"line":64,"column":31}}]},"5":{"line":65,"type":"binary-expr","locations":[{"start":{"line":65,"column":13},"end":{"line":65,"column":27}},{"start":{"line":65,"column":31},"end":{"line":65,"column":32}}]},"6":{"line":85,"type":"if","locations":[{"start":{"line":85,"column":6},"end":{"line":85,"column":6}},{"start":{"line":85,"column":6},"end":{"line":85,"column":6}}]},"7":{"line":108,"type":"if","locations":[{"start":{"line":108,"column":6},"end":{"line":108,"column":6}},{"start":{"line":108,"column":6},"end":{"line":108,"column":6}}]}}},"/Users/peternagel/workspace/lob/lob-node/lib/resources/verification.js":{"path":"/Users/peternagel/workspace/lob/lob-node/lib/resources/verification.js","s":{"1":1,"2":1,"3":1,"4":11,"5":11,"6":11,"7":1,"8":3,"9":3,"10":1,"11":2,"12":1},"b":{"1":[1,2]},"f":{"1":11,"2":3,"3":3},"fnMap":{"1":{"name":"Verification","line":5,"loc":{"start":{"line":5,"column":0},"end":{"line":5,"column":30}}},"2":{"name":"(anonymous_2)","line":11,"loc":{"start":{"line":11,"column":32},"end":{"line":11,"column":55}}},"3":{"name":"(anonymous_3)","line":25,"loc":{"start":{"line":25,"column":7},"end":{"line":25,"column":29}}}},"statementMap":{"1":{"start":{"line":1,"column":0},"end":{"line":1,"column":17}},"2":{"start":{"line":2,"column":0},"end":{"line":2,"column":33}},"3":{"start":{"line":5,"column":0},"end":{"line":9,"column":1}},"4":{"start":{"line":6,"column":2},"end":{"line":6,"column":40}},"5":{"start":{"line":7,"column":2},"end":{"line":7,"column":30}},"6":{"start":{"line":8,"column":2},"end":{"line":8,"column":14}},"7":{"start":{"line":11,"column":0},"end":{"line":32,"column":2}},"8":{"start":{"line":12,"column":2},"end":{"line":31,"column":7}},"9":{"start":{"line":26,"column":6},"end":{"line":30,"column":7}},"10":{"start":{"line":27,"column":8},"end":{"line":27,"column":32}},"11":{"start":{"line":29,"column":8},"end":{"line":29,"column":22}},"12":{"start":{"line":34,"column":0},"end":{"line":34,"column":30}}},"branchMap":{"1":{"line":26,"type":"if","locations":[{"start":{"line":26,"column":6},"end":{"line":26,"column":6}},{"start":{"line":26,"column":6},"end":{"line":26,"column":6}}]}}},"/Users/peternagel/workspace/lob/lob-node/lib/resources/countries.js":{"path":"/Users/peternagel/workspace/lob/lob-node/lib/resources/countries.js","s":{"1":1,"2":1,"3":1,"4":11,"5":11,"6":11,"7":1,"8":1,"9":1,"10":1},"b":{},"f":{"1":11,"2":1,"3":1},"fnMap":{"1":{"name":"Countries","line":5,"loc":{"start":{"line":5,"column":0},"end":{"line":5,"column":27}}},"2":{"name":"(anonymous_2)","line":13,"loc":{"start":{"line":13,"column":27},"end":{"line":13,"column":41}}},"3":{"name":"(anonymous_3)","line":26,"loc":{"start":{"line":26,"column":7},"end":{"line":26,"column":29}}}},"statementMap":{"1":{"start":{"line":1,"column":0},"end":{"line":1,"column":14}},"2":{"start":{"line":2,"column":0},"end":{"line":2,"column":33}},"3":{"start":{"line":5,"column":0},"end":{"line":9,"column":1}},"4":{"start":{"line":6,"column":2},"end":{"line":6,"column":43}},"5":{"start":{"line":7,"column":2},"end":{"line":7,"column":30}},"6":{"start":{"line":8,"column":2},"end":{"line":8,"column":14}},"7":{"start":{"line":13,"column":0},"end":{"line":29,"column":2}},"8":{"start":{"line":14,"column":2},"end":{"line":28,"column":7}},"9":{"start":{"line":27,"column":6},"end":{"line":27,"column":20}},"10":{"start":{"line":32,"column":0},"end":{"line":32,"column":27}}},"branchMap":{}},"/Users/peternagel/workspace/lob/lob-node/lib/resources/states.js":{"path":"/Users/peternagel/workspace/lob/lob-node/lib/resources/states.js","s":{"1":1,"2":1,"3":1,"4":11,"5":11,"6":11,"7":1,"8":1,"9":1,"10":1},"b":{},"f":{"1":11,"2":1,"3":1},"fnMap":{"1":{"name":"States","line":5,"loc":{"start":{"line":5,"column":0},"end":{"line":5,"column":24}}},"2":{"name":"(anonymous_2)","line":13,"loc":{"start":{"line":13,"column":24},"end":{"line":13,"column":38}}},"3":{"name":"(anonymous_3)","line":26,"loc":{"start":{"line":26,"column":7},"end":{"line":26,"column":29}}}},"statementMap":{"1":{"start":{"line":1,"column":0},"end":{"line":1,"column":11}},"2":{"start":{"line":2,"column":0},"end":{"line":2,"column":33}},"3":{"start":{"line":5,"column":0},"end":{"line":9,"column":1}},"4":{"start":{"line":6,"column":2},"end":{"line":6,"column":40}},"5":{"start":{"line":7,"column":2},"end":{"line":7,"column":30}},"6":{"start":{"line":8,"column":2},"end":{"line":8,"column":14}},"7":{"start":{"line":13,"column":0},"end":{"line":29,"column":2}},"8":{"start":{"line":14,"column":2},"end":{"line":28,"column":7}},"9":{"start":{"line":27,"column":6},"end":{"line":27,"column":20}},"10":{"start":{"line":32,"column":0},"end":{"line":32,"column":24}}},"branchMap":{}},"/Users/peternagel/workspace/lob/lob-node/lib/resources/objects.js":{"path":"/Users/peternagel/workspace/lob/lob-node/lib/resources/objects.js","s":{"1":1,"2":1,"3":1,"4":1,"5":11,"6":11,"7":11,"8":1,"9":2,"10":2,"11":1,"12":1,"13":2,"14":1,"15":4,"16":4,"17":4,"18":1,"19":1,"20":1,"21":3,"22":3,"23":4,"24":4,"25":1,"26":3,"27":1,"28":3,"29":3,"30":3,"31":0,"32":3,"33":3,"34":3,"35":9,"36":3,"37":1,"38":9,"39":1},"b":{"1":[1,1],"2":[1,3],"3":[3,0],"4":[3,3],"5":[1,3],"6":[0,3],"7":[3,6],"8":[1,2]},"f":{"1":11,"2":2,"3":2,"4":4,"5":4,"6":3,"7":3},"fnMap":{"1":{"name":"Objects","line":6,"loc":{"start":{"line":6,"column":0},"end":{"line":6,"column":25}}},"2":{"name":"(anonymous_2)","line":12,"loc":{"start":{"line":12,"column":29},"end":{"line":12,"column":47}}},"3":{"name":"(anonymous_3)","line":25,"loc":{"start":{"line":25,"column":7},"end":{"line":25,"column":29}}},"4":{"name":"(anonymous_4)","line":35,"loc":{"start":{"line":35,"column":25},"end":{"line":35,"column":48}}},"5":{"name":"(anonymous_5)","line":63,"loc":{"start":{"line":63,"column":7},"end":{"line":63,"column":29}}},"6":{"name":"(anonymous_6)","line":72,"loc":{"start":{"line":72,"column":27},"end":{"line":72,"column":50}}},"7":{"name":"(anonymous_7)","line":85,"loc":{"start":{"line":85,"column":31},"end":{"line":85,"column":52}}}},"statementMap":{"1":{"start":{"line":1,"column":0},"end":{"line":1,"column":23}},"2":{"start":{"line":2,"column":0},"end":{"line":2,"column":12}},"3":{"start":{"line":3,"column":0},"end":{"line":3,"column":33}},"4":{"start":{"line":6,"column":0},"end":{"line":10,"column":1}},"5":{"start":{"line":7,"column":2},"end":{"line":7,"column":41}},"6":{"start":{"line":8,"column":2},"end":{"line":8,"column":30}},"7":{"start":{"line":9,"column":2},"end":{"line":9,"column":14}},"8":{"start":{"line":12,"column":0},"end":{"line":33,"column":2}},"9":{"start":{"line":13,"column":2},"end":{"line":31,"column":7}},"10":{"start":{"line":26,"column":6},"end":{"line":30,"column":7}},"11":{"start":{"line":27,"column":8},"end":{"line":27,"column":32}},"12":{"start":{"line":29,"column":8},"end":{"line":29,"column":22}},"13":{"start":{"line":32,"column":2},"end":{"line":32,"column":14}},"14":{"start":{"line":35,"column":0},"end":{"line":70,"column":2}},"15":{"start":{"line":36,"column":2},"end":{"line":36,"column":12}},"16":{"start":{"line":37,"column":2},"end":{"line":37,"column":13}},"17":{"start":{"line":38,"column":2},"end":{"line":45,"column":3}},"18":{"start":{"line":39,"column":4},"end":{"line":39,"column":15}},"19":{"start":{"line":40,"column":4},"end":{"line":40,"column":15}},"20":{"start":{"line":41,"column":4},"end":{"line":41,"column":19}},"21":{"start":{"line":43,"column":4},"end":{"line":43,"column":32}},"22":{"start":{"line":44,"column":4},"end":{"line":44,"column":33}},"23":{"start":{"line":47,"column":2},"end":{"line":69,"column":7}},"24":{"start":{"line":64,"column":6},"end":{"line":68,"column":7}},"25":{"start":{"line":65,"column":8},"end":{"line":65,"column":32}},"26":{"start":{"line":67,"column":8},"end":{"line":67,"column":22}},"27":{"start":{"line":72,"column":0},"end":{"line":102,"column":2}},"28":{"start":{"line":73,"column":2},"end":{"line":83,"column":4}},"29":{"start":{"line":85,"column":2},"end":{"line":91,"column":5}},"30":{"start":{"line":86,"column":4},"end":{"line":90,"column":5}},"31":{"start":{"line":87,"column":6},"end":{"line":87,"column":30}},"32":{"start":{"line":89,"column":6},"end":{"line":89,"column":20}},"33":{"start":{"line":92,"column":2},"end":{"line":92,"column":24}},"34":{"start":{"line":94,"column":2},"end":{"line":101,"column":3}},"35":{"start":{"line":95,"column":4},"end":{"line":99,"column":5}},"36":{"start":{"line":96,"column":6},"end":{"line":98,"column":7}},"37":{"start":{"line":97,"column":8},"end":{"line":97,"column":61}},"38":{"start":{"line":100,"column":4},"end":{"line":100,"column":30}},"39":{"start":{"line":104,"column":0},"end":{"line":104,"column":25}}},"branchMap":{"1":{"line":26,"type":"if","locations":[{"start":{"line":26,"column":6},"end":{"line":26,"column":6}},{"start":{"line":26,"column":6},"end":{"line":26,"column":6}}]},"2":{"line":38,"type":"if","locations":[{"start":{"line":38,"column":2},"end":{"line":38,"column":2}},{"start":{"line":38,"column":2},"end":{"line":38,"column":2}}]},"3":{"line":43,"type":"binary-expr","locations":[{"start":{"line":43,"column":12},"end":{"line":43,"column":25}},{"start":{"line":43,"column":29},"end":{"line":43,"column":31}}]},"4":{"line":44,"type":"binary-expr","locations":[{"start":{"line":44,"column":13},"end":{"line":44,"column":27}},{"start":{"line":44,"column":31},"end":{"line":44,"column":32}}]},"5":{"line":64,"type":"if","locations":[{"start":{"line":64,"column":6},"end":{"line":64,"column":6}},{"start":{"line":64,"column":6},"end":{"line":64,"column":6}}]},"6":{"line":86,"type":"if","locations":[{"start":{"line":86,"column":4},"end":{"line":86,"column":4}},{"start":{"line":86,"column":4},"end":{"line":86,"column":4}}]},"7":{"line":95,"type":"if","locations":[{"start":{"line":95,"column":4},"end":{"line":95,"column":4}},{"start":{"line":95,"column":4},"end":{"line":95,"column":4}}]},"8":{"line":96,"type":"if","locations":[{"start":{"line":96,"column":6},"end":{"line":96,"column":6}},{"start":{"line":96,"column":6},"end":{"line":96,"column":6}}]}}},"/Users/peternagel/workspace/lob/lob-node/lib/resources/settings.js":{"path":"/Users/peternagel/workspace/lob/lob-node/lib/resources/settings.js","s":{"1":1,"2":1,"3":1,"4":11,"5":11,"6":11,"7":1,"8":0,"9":0,"10":0,"11":0,"12":0,"13":1,"14":1,"15":1,"16":0,"17":1,"18":1},"b":{"1":[0,0],"2":[0,1]},"f":{"1":11,"2":0,"3":0,"4":1,"5":1},"fnMap":{"1":{"name":"Settings","line":5,"loc":{"start":{"line":5,"column":0},"end":{"line":5,"column":26}}},"2":{"name":"(anonymous_2)","line":11,"loc":{"start":{"line":11,"column":30},"end":{"line":11,"column":48}}},"3":{"name":"(anonymous_3)","line":24,"loc":{"start":{"line":24,"column":7},"end":{"line":24,"column":29}}},"4":{"name":"(anonymous_4)","line":36,"loc":{"start":{"line":36,"column":26},"end":{"line":36,"column":40}}},"5":{"name":"(anonymous_5)","line":49,"loc":{"start":{"line":49,"column":7},"end":{"line":49,"column":29}}}},"statementMap":{"1":{"start":{"line":1,"column":0},"end":{"line":1,"column":13}},"2":{"start":{"line":2,"column":0},"end":{"line":2,"column":33}},"3":{"start":{"line":5,"column":0},"end":{"line":9,"column":1}},"4":{"start":{"line":6,"column":2},"end":{"line":6,"column":42}},"5":{"start":{"line":7,"column":2},"end":{"line":7,"column":30}},"6":{"start":{"line":8,"column":2},"end":{"line":8,"column":14}},"7":{"start":{"line":11,"column":0},"end":{"line":32,"column":2}},"8":{"start":{"line":12,"column":2},"end":{"line":30,"column":7}},"9":{"start":{"line":25,"column":6},"end":{"line":29,"column":7}},"10":{"start":{"line":26,"column":8},"end":{"line":26,"column":32}},"11":{"start":{"line":28,"column":8},"end":{"line":28,"column":22}},"12":{"start":{"line":31,"column":2},"end":{"line":31,"column":14}},"13":{"start":{"line":36,"column":0},"end":{"line":56,"column":2}},"14":{"start":{"line":37,"column":2},"end":{"line":55,"column":7}},"15":{"start":{"line":50,"column":6},"end":{"line":54,"column":7}},"16":{"start":{"line":51,"column":8},"end":{"line":51,"column":32}},"17":{"start":{"line":53,"column":8},"end":{"line":53,"column":22}},"18":{"start":{"line":58,"column":0},"end":{"line":58,"column":26}}},"branchMap":{"1":{"line":25,"type":"if","locations":[{"start":{"line":25,"column":6},"end":{"line":25,"column":6}},{"start":{"line":25,"column":6},"end":{"line":25,"column":6}}]},"2":{"line":50,"type":"if","locations":[{"start":{"line":50,"column":6},"end":{"line":50,"column":6}},{"start":{"line":50,"column":6},"end":{"line":50,"column":6}}]}}},"/Users/peternagel/workspace/lob/lob-node/lib/resources/services.js":{"path":"/Users/peternagel/workspace/lob/lob-node/lib/resources/services.js","s":{"1":1,"2":1,"3":1,"4":11,"5":11,"6":11,"7":1,"8":0,"9":0,"10":0,"11":0,"12":0,"13":1,"14":1,"15":1,"16":0,"17":1,"18":1},"b":{"1":[0,0],"2":[0,1]},"f":{"1":11,"2":0,"3":0,"4":1,"5":1},"fnMap":{"1":{"name":"Services","line":5,"loc":{"start":{"line":5,"column":0},"end":{"line":5,"column":26}}},"2":{"name":"(anonymous_2)","line":11,"loc":{"start":{"line":11,"column":30},"end":{"line":11,"column":48}}},"3":{"name":"(anonymous_3)","line":24,"loc":{"start":{"line":24,"column":7},"end":{"line":24,"column":29}}},"4":{"name":"(anonymous_4)","line":36,"loc":{"start":{"line":36,"column":26},"end":{"line":36,"column":40}}},"5":{"name":"(anonymous_5)","line":49,"loc":{"start":{"line":49,"column":7},"end":{"line":49,"column":29}}}},"statementMap":{"1":{"start":{"line":1,"column":0},"end":{"line":1,"column":13}},"2":{"start":{"line":2,"column":0},"end":{"line":2,"column":33}},"3":{"start":{"line":5,"column":0},"end":{"line":9,"column":1}},"4":{"start":{"line":6,"column":2},"end":{"line":6,"column":42}},"5":{"start":{"line":7,"column":2},"end":{"line":7,"column":30}},"6":{"start":{"line":8,"column":2},"end":{"line":8,"column":14}},"7":{"start":{"line":11,"column":0},"end":{"line":32,"column":2}},"8":{"start":{"line":12,"column":2},"end":{"line":30,"column":7}},"9":{"start":{"line":25,"column":6},"end":{"line":29,"column":7}},"10":{"start":{"line":26,"column":8},"end":{"line":26,"column":32}},"11":{"start":{"line":28,"column":8},"end":{"line":28,"column":22}},"12":{"start":{"line":31,"column":2},"end":{"line":31,"column":14}},"13":{"start":{"line":36,"column":0},"end":{"line":56,"column":2}},"14":{"start":{"line":37,"column":2},"end":{"line":55,"column":7}},"15":{"start":{"line":50,"column":6},"end":{"line":54,"column":7}},"16":{"start":{"line":51,"column":8},"end":{"line":51,"column":32}},"17":{"start":{"line":53,"column":8},"end":{"line":53,"column":22}},"18":{"start":{"line":58,"column":0},"end":{"line":58,"column":26}}},"branchMap":{"1":{"line":25,"type":"if","locations":[{"start":{"line":25,"column":6},"end":{"line":25,"column":6}},{"start":{"line":25,"column":6},"end":{"line":25,"column":6}}]},"2":{"line":50,"type":"if","locations":[{"start":{"line":50,"column":6},"end":{"line":50,"column":6}},{"start":{"line":50,"column":6},"end":{"line":50,"column":6}}]}}},"/Users/peternagel/workspace/lob/lob-node/lib/resources/postcards.js":{"path":"/Users/peternagel/workspace/lob/lob-node/lib/resources/postcards.js","s":{"1":1,"2":1,"3":1,"4":1,"5":11,"6":11,"7":11,"8":1,"9":2,"10":2,"11":1,"12":1,"13":2,"14":1,"15":5,"16":5,"17":5,"18":1,"19":1,"20":1,"21":4,"22":4,"23":5,"24":5,"25":1,"26":4,"27":1,"28":5,"29":5,"30":5,"31":0,"32":5,"33":5,"34":5,"35":20,"36":1,"37":8,"38":19,"39":5,"40":5,"41":2,"42":5,"43":4,"44":2,"45":1},"b":{"1":[1,1],"2":[1,4],"3":[4,0],"4":[4,2],"5":[1,4],"6":[0,5],"7":[1,19],"8":[5,0],"9":[2,3],"10":[4,1],"11":[2,2]},"f":{"1":11,"2":2,"3":2,"4":5,"5":5,"6":5,"7":5},"fnMap":{"1":{"name":"Postcards","line":6,"loc":{"start":{"line":6,"column":0},"end":{"line":6,"column":27}}},"2":{"name":"(anonymous_2)","line":12,"loc":{"start":{"line":12,"column":31},"end":{"line":12,"column":49}}},"3":{"name":"(anonymous_3)","line":25,"loc":{"start":{"line":25,"column":7},"end":{"line":25,"column":29}}},"4":{"name":"(anonymous_4)","line":35,"loc":{"start":{"line":35,"column":27},"end":{"line":35,"column":50}}},"5":{"name":"(anonymous_5)","line":63,"loc":{"start":{"line":63,"column":7},"end":{"line":63,"column":29}}},"6":{"name":"(anonymous_6)","line":72,"loc":{"start":{"line":72,"column":29},"end":{"line":72,"column":52}}},"7":{"name":"(anonymous_7)","line":85,"loc":{"start":{"line":85,"column":31},"end":{"line":85,"column":52}}}},"statementMap":{"1":{"start":{"line":1,"column":0},"end":{"line":1,"column":23}},"2":{"start":{"line":2,"column":0},"end":{"line":2,"column":14}},"3":{"start":{"line":3,"column":0},"end":{"line":3,"column":33}},"4":{"start":{"line":6,"column":0},"end":{"line":10,"column":1}},"5":{"start":{"line":7,"column":2},"end":{"line":7,"column":43}},"6":{"start":{"line":8,"column":2},"end":{"line":8,"column":30}},"7":{"start":{"line":9,"column":2},"end":{"line":9,"column":14}},"8":{"start":{"line":12,"column":0},"end":{"line":33,"column":2}},"9":{"start":{"line":13,"column":2},"end":{"line":31,"column":7}},"10":{"start":{"line":26,"column":6},"end":{"line":30,"column":7}},"11":{"start":{"line":27,"column":8},"end":{"line":27,"column":32}},"12":{"start":{"line":29,"column":8},"end":{"line":29,"column":22}},"13":{"start":{"line":32,"column":2},"end":{"line":32,"column":14}},"14":{"start":{"line":35,"column":0},"end":{"line":70,"column":2}},"15":{"start":{"line":36,"column":2},"end":{"line":36,"column":12}},"16":{"start":{"line":37,"column":2},"end":{"line":37,"column":13}},"17":{"start":{"line":38,"column":2},"end":{"line":45,"column":3}},"18":{"start":{"line":39,"column":4},"end":{"line":39,"column":15}},"19":{"start":{"line":40,"column":4},"end":{"line":40,"column":15}},"20":{"start":{"line":41,"column":4},"end":{"line":41,"column":19}},"21":{"start":{"line":43,"column":4},"end":{"line":43,"column":32}},"22":{"start":{"line":44,"column":4},"end":{"line":44,"column":33}},"23":{"start":{"line":47,"column":2},"end":{"line":69,"column":7}},"24":{"start":{"line":64,"column":6},"end":{"line":68,"column":7}},"25":{"start":{"line":65,"column":8},"end":{"line":65,"column":32}},"26":{"start":{"line":67,"column":8},"end":{"line":67,"column":22}},"27":{"start":{"line":72,"column":0},"end":{"line":116,"column":2}},"28":{"start":{"line":73,"column":2},"end":{"line":83,"column":4}},"29":{"start":{"line":85,"column":2},"end":{"line":91,"column":5}},"30":{"start":{"line":86,"column":4},"end":{"line":90,"column":5}},"31":{"start":{"line":87,"column":6},"end":{"line":87,"column":30}},"32":{"start":{"line":89,"column":6},"end":{"line":89,"column":20}},"33":{"start":{"line":92,"column":2},"end":{"line":92,"column":24}},"34":{"start":{"line":94,"column":2},"end":{"line":102,"column":3}},"35":{"start":{"line":95,"column":4},"end":{"line":101,"column":5}},"36":{"start":{"line":96,"column":6},"end":{"line":98,"column":7}},"37":{"start":{"line":97,"column":8},"end":{"line":97,"column":55}},"38":{"start":{"line":100,"column":6},"end":{"line":100,"column":32}},"39":{"start":{"line":104,"column":2},"end":{"line":108,"column":3}},"40":{"start":{"line":105,"column":4},"end":{"line":107,"column":5}},"41":{"start":{"line":106,"column":6},"end":{"line":106,"column":72}},"42":{"start":{"line":110,"column":2},"end":{"line":114,"column":3}},"43":{"start":{"line":111,"column":4},"end":{"line":113,"column":5}},"44":{"start":{"line":112,"column":6},"end":{"line":112,"column":70}},"45":{"start":{"line":118,"column":0},"end":{"line":118,"column":27}}},"branchMap":{"1":{"line":26,"type":"if","locations":[{"start":{"line":26,"column":6},"end":{"line":26,"column":6}},{"start":{"line":26,"column":6},"end":{"line":26,"column":6}}]},"2":{"line":38,"type":"if","locations":[{"start":{"line":38,"column":2},"end":{"line":38,"column":2}},{"start":{"line":38,"column":2},"end":{"line":38,"column":2}}]},"3":{"line":43,"type":"binary-expr","locations":[{"start":{"line":43,"column":12},"end":{"line":43,"column":25}},{"start":{"line":43,"column":29},"end":{"line":43,"column":31}}]},"4":{"line":44,"type":"binary-expr","locations":[{"start":{"line":44,"column":13},"end":{"line":44,"column":27}},{"start":{"line":44,"column":31},"end":{"line":44,"column":32}}]},"5":{"line":64,"type":"if","locations":[{"start":{"line":64,"column":6},"end":{"line":64,"column":6}},{"start":{"line":64,"column":6},"end":{"line":64,"column":6}}]},"6":{"line":86,"type":"if","locations":[{"start":{"line":86,"column":4},"end":{"line":86,"column":4}},{"start":{"line":86,"column":4},"end":{"line":86,"column":4}}]},"7":{"line":95,"type":"if","locations":[{"start":{"line":95,"column":4},"end":{"line":95,"column":4}},{"start":{"line":95,"column":4},"end":{"line":95,"column":4}}]},"8":{"line":104,"type":"if","locations":[{"start":{"line":104,"column":2},"end":{"line":104,"column":2}},{"start":{"line":104,"column":2},"end":{"line":104,"column":2}}]},"9":{"line":105,"type":"if","locations":[{"start":{"line":105,"column":4},"end":{"line":105,"column":4}},{"start":{"line":105,"column":4},"end":{"line":105,"column":4}}]},"10":{"line":110,"type":"if","locations":[{"start":{"line":110,"column":2},"end":{"line":110,"column":2}},{"start":{"line":110,"column":2},"end":{"line":110,"column":2}}]},"11":{"line":111,"type":"if","locations":[{"start":{"line":111,"column":4},"end":{"line":111,"column":4}},{"start":{"line":111,"column":4},"end":{"line":111,"column":4}}]}}},"/Users/peternagel/workspace/lob/lob-node/lib/resources/checks.js":{"path":"/Users/peternagel/workspace/lob/lob-node/lib/resources/checks.js","s":{"1":1,"2":1,"3":1,"4":11,"5":11,"6":11,"7":1,"8":1,"9":1,"10":1,"11":1,"12":0,"13":0,"14":1,"15":1,"16":1,"17":1,"18":1,"19":1,"20":1,"21":0,"22":0,"23":1,"24":1,"25":1,"26":3,"27":3,"28":1},"b":{"1":[1,0],"2":[0,0],"3":[0,0]},"f":{"1":11,"2":1,"3":1,"4":0,"5":0,"6":1,"7":1,"8":3,"9":3},"fnMap":{"1":{"name":"Checks","line":5,"loc":{"start":{"line":5,"column":0},"end":{"line":5,"column":24}}},"2":{"name":"(anonymous_2)","line":11,"loc":{"start":{"line":11,"column":28},"end":{"line":11,"column":46}}},"3":{"name":"(anonymous_3)","line":24,"loc":{"start":{"line":24,"column":7},"end":{"line":24,"column":29}}},"4":{"name":"(anonymous_4)","line":30,"loc":{"start":{"line":30,"column":26},"end":{"line":30,"column":44}}},"5":{"name":"(anonymous_5)","line":43,"loc":{"start":{"line":43,"column":7},"end":{"line":43,"column":29}}},"6":{"name":"(anonymous_6)","line":48,"loc":{"start":{"line":48,"column":24},"end":{"line":48,"column":47}}},"7":{"name":"(anonymous_7)","line":76,"loc":{"start":{"line":76,"column":7},"end":{"line":76,"column":29}}},"8":{"name":"(anonymous_8)","line":81,"loc":{"start":{"line":81,"column":26},"end":{"line":81,"column":49}}},"9":{"name":"(anonymous_9)","line":95,"loc":{"start":{"line":95,"column":7},"end":{"line":95,"column":29}}}},"statementMap":{"1":{"start":{"line":1,"column":0},"end":{"line":1,"column":11}},"2":{"start":{"line":2,"column":0},"end":{"line":2,"column":33}},"3":{"start":{"line":5,"column":0},"end":{"line":9,"column":1}},"4":{"start":{"line":6,"column":2},"end":{"line":6,"column":40}},"5":{"start":{"line":7,"column":2},"end":{"line":7,"column":30}},"6":{"start":{"line":8,"column":2},"end":{"line":8,"column":14}},"7":{"start":{"line":11,"column":0},"end":{"line":28,"column":2}},"8":{"start":{"line":12,"column":2},"end":{"line":26,"column":7}},"9":{"start":{"line":25,"column":6},"end":{"line":25,"column":20}},"10":{"start":{"line":27,"column":2},"end":{"line":27,"column":14}},"11":{"start":{"line":30,"column":0},"end":{"line":46,"column":2}},"12":{"start":{"line":31,"column":2},"end":{"line":45,"column":7}},"13":{"start":{"line":44,"column":6},"end":{"line":44,"column":20}},"14":{"start":{"line":48,"column":0},"end":{"line":79,"column":2}},"15":{"start":{"line":49,"column":2},"end":{"line":49,"column":12}},"16":{"start":{"line":50,"column":2},"end":{"line":50,"column":13}},"17":{"start":{"line":51,"column":2},"end":{"line":58,"column":3}},"18":{"start":{"line":52,"column":4},"end":{"line":52,"column":15}},"19":{"start":{"line":53,"column":4},"end":{"line":53,"column":15}},"20":{"start":{"line":54,"column":4},"end":{"line":54,"column":19}},"21":{"start":{"line":56,"column":4},"end":{"line":56,"column":32}},"22":{"start":{"line":57,"column":4},"end":{"line":57,"column":33}},"23":{"start":{"line":60,"column":2},"end":{"line":78,"column":7}},"24":{"start":{"line":77,"column":6},"end":{"line":77,"column":20}},"25":{"start":{"line":81,"column":0},"end":{"line":98,"column":2}},"26":{"start":{"line":82,"column":2},"end":{"line":97,"column":7}},"27":{"start":{"line":96,"column":6},"end":{"line":96,"column":20}},"28":{"start":{"line":100,"column":0},"end":{"line":100,"column":24}}},"branchMap":{"1":{"line":51,"type":"if","locations":[{"start":{"line":51,"column":2},"end":{"line":51,"column":2}},{"start":{"line":51,"column":2},"end":{"line":51,"column":2}}]},"2":{"line":56,"type":"binary-expr","locations":[{"start":{"line":56,"column":12},"end":{"line":56,"column":25}},{"start":{"line":56,"column":29},"end":{"line":56,"column":31}}]},"3":{"line":57,"type":"binary-expr","locations":[{"start":{"line":57,"column":13},"end":{"line":57,"column":27}},{"start":{"line":57,"column":31},"end":{"line":57,"column":32}}]}}},"/Users/peternagel/workspace/lob/lob-node/lib/resources/bankAccounts.js":{"path":"/Users/peternagel/workspace/lob/lob-node/lib/resources/bankAccounts.js","s":{"1":1,"2":1,"3":1,"4":11,"5":11,"6":11,"7":1,"8":1,"9":1,"10":0,"11":1,"12":1,"13":1,"14":0,"15":0,"16":0,"17":0,"18":1,"19":1,"20":1,"21":1,"22":1,"23":1,"24":1,"25":0,"26":0,"27":1,"28":1,"29":0,"30":1,"31":1,"32":3,"33":3,"34":0,"35":3,"36":1},"b":{"1":[0,1],"2":[0,0],"3":[1,0],"4":[0,0],"5":[0,0],"6":[0,1],"7":[0,3]},"f":{"1":11,"2":1,"3":1,"4":0,"5":0,"6":1,"7":1,"8":3,"9":3},"fnMap":{"1":{"name":"BankAccounts","line":4,"loc":{"start":{"line":4,"column":0},"end":{"line":4,"column":30}}},"2":{"name":"(anonymous_2)","line":10,"loc":{"start":{"line":10,"column":34},"end":{"line":10,"column":52}}},"3":{"name":"(anonymous_3)","line":23,"loc":{"start":{"line":23,"column":7},"end":{"line":23,"column":29}}},"4":{"name":"(anonymous_4)","line":33,"loc":{"start":{"line":33,"column":32},"end":{"line":33,"column":50}}},"5":{"name":"(anonymous_5)","line":46,"loc":{"start":{"line":46,"column":7},"end":{"line":46,"column":29}}},"6":{"name":"(anonymous_6)","line":55,"loc":{"start":{"line":55,"column":30},"end":{"line":55,"column":53}}},"7":{"name":"(anonymous_7)","line":82,"loc":{"start":{"line":82,"column":7},"end":{"line":82,"column":29}}},"8":{"name":"(anonymous_8)","line":91,"loc":{"start":{"line":91,"column":32},"end":{"line":91,"column":55}}},"9":{"name":"(anonymous_9)","line":105,"loc":{"start":{"line":105,"column":7},"end":{"line":105,"column":29}}}},"statementMap":{"1":{"start":{"line":1,"column":0},"end":{"line":1,"column":33}},"2":{"start":{"line":2,"column":0},"end":{"line":2,"column":17}},"3":{"start":{"line":4,"column":0},"end":{"line":8,"column":1}},"4":{"start":{"line":5,"column":2},"end":{"line":5,"column":47}},"5":{"start":{"line":6,"column":2},"end":{"line":6,"column":30}},"6":{"start":{"line":7,"column":2},"end":{"line":7,"column":14}},"7":{"start":{"line":10,"column":0},"end":{"line":31,"column":2}},"8":{"start":{"line":11,"column":2},"end":{"line":29,"column":7}},"9":{"start":{"line":24,"column":6},"end":{"line":28,"column":7}},"10":{"start":{"line":25,"column":8},"end":{"line":25,"column":32}},"11":{"start":{"line":27,"column":8},"end":{"line":27,"column":22}},"12":{"start":{"line":30,"column":2},"end":{"line":30,"column":14}},"13":{"start":{"line":33,"column":0},"end":{"line":53,"column":2}},"14":{"start":{"line":34,"column":2},"end":{"line":52,"column":7}},"15":{"start":{"line":47,"column":6},"end":{"line":51,"column":7}},"16":{"start":{"line":48,"column":8},"end":{"line":48,"column":32}},"17":{"start":{"line":50,"column":8},"end":{"line":50,"column":22}},"18":{"start":{"line":55,"column":0},"end":{"line":89,"column":2}},"19":{"start":{"line":56,"column":2},"end":{"line":56,"column":12}},"20":{"start":{"line":57,"column":2},"end":{"line":57,"column":13}},"21":{"start":{"line":58,"column":2},"end":{"line":65,"column":3}},"22":{"start":{"line":59,"column":4},"end":{"line":59,"column":15}},"23":{"start":{"line":60,"column":4},"end":{"line":60,"column":15}},"24":{"start":{"line":61,"column":4},"end":{"line":61,"column":19}},"25":{"start":{"line":63,"column":4},"end":{"line":63,"column":32}},"26":{"start":{"line":64,"column":4},"end":{"line":64,"column":33}},"27":{"start":{"line":66,"column":2},"end":{"line":88,"column":7}},"28":{"start":{"line":83,"column":6},"end":{"line":87,"column":7}},"29":{"start":{"line":84,"column":8},"end":{"line":84,"column":32}},"30":{"start":{"line":86,"column":8},"end":{"line":86,"column":22}},"31":{"start":{"line":91,"column":0},"end":{"line":112,"column":2}},"32":{"start":{"line":92,"column":2},"end":{"line":111,"column":7}},"33":{"start":{"line":106,"column":6},"end":{"line":110,"column":7}},"34":{"start":{"line":107,"column":8},"end":{"line":107,"column":32}},"35":{"start":{"line":109,"column":8},"end":{"line":109,"column":22}},"36":{"start":{"line":114,"column":0},"end":{"line":114,"column":30}}},"branchMap":{"1":{"line":24,"type":"if","locations":[{"start":{"line":24,"column":6},"end":{"line":24,"column":6}},{"start":{"line":24,"column":6},"end":{"line":24,"column":6}}]},"2":{"line":47,"type":"if","locations":[{"start":{"line":47,"column":6},"end":{"line":47,"column":6}},{"start":{"line":47,"column":6},"end":{"line":47,"column":6}}]},"3":{"line":58,"type":"if","locations":[{"start":{"line":58,"column":2},"end":{"line":58,"column":2}},{"start":{"line":58,"column":2},"end":{"line":58,"column":2}}]},"4":{"line":63,"type":"binary-expr","locations":[{"start":{"line":63,"column":12},"end":{"line":63,"column":25}},{"start":{"line":63,"column":29},"end":{"line":63,"column":31}}]},"5":{"line":64,"type":"binary-expr","locations":[{"start":{"line":64,"column":13},"end":{"line":64,"column":27}},{"start":{"line":64,"column":31},"end":{"line":64,"column":32}}]},"6":{"line":83,"type":"if","locations":[{"start":{"line":83,"column":6},"end":{"line":83,"column":6}},{"start":{"line":83,"column":6},"end":{"line":83,"column":6}}]},"7":{"line":106,"type":"if","locations":[{"start":{"line":106,"column":6},"end":{"line":106,"column":6}},{"start":{"line":106,"column":6},"end":{"line":106,"column":6}}]}}}}