{"/Users/bavidar/Documents/Projects/work/wrappers/lob-node/lib/lob.js":{"path":"/Users/bavidar/Documents/Projects/work/wrappers/lob-node/lib/lob.js","s":{"1":1,"2":1,"3":1,"4":1,"5":1,"6":1,"7":1,"8":1,"9":1,"10":1,"11":8,"12":8,"13":8,"14":0,"15":8,"16":8,"17":8,"18":8,"19":8,"20":8,"21":8,"22":8,"23":1,"24":0,"25":0,"26":0,"27":0,"28":0,"29":0,"30":0,"31":0,"32":0,"33":0,"34":0,"35":0,"36":0,"37":0,"38":0,"39":0,"40":0,"41":0,"42":0,"43":0,"44":0,"45":0,"46":0,"47":0,"48":0,"49":0,"50":0,"51":1},"b":{"1":[8,0],"2":[0,0],"3":[0,0],"4":[0,0],"5":[0,0],"6":[0,0],"7":[0,0],"8":[0,0],"9":[0,0,0],"10":[0,0]},"f":{"1":8,"2":0,"3":0,"4":0,"5":0},"fnMap":{"1":{"name":"(anonymous_1)","line":22,"loc":{"start":{"line":22,"column":10},"end":{"line":22,"column":28}}},"2":{"name":"(anonymous_2)","line":42,"loc":{"start":{"line":42,"column":24},"end":{"line":42,"column":63}}},"3":{"name":"(anonymous_3)","line":66,"loc":{"start":{"line":66,"column":31},"end":{"line":66,"column":56}}},"4":{"name":"(anonymous_4)","line":77,"loc":{"start":{"line":77,"column":32},"end":{"line":77,"column":45}}},"5":{"name":"(anonymous_5)","line":79,"loc":{"start":{"line":79,"column":40},"end":{"line":79,"column":55}}}},"statementMap":{"1":{"start":{"line":9,"column":0},"end":{"line":9,"column":49}},"2":{"start":{"line":10,"column":0},"end":{"line":10,"column":55}},"3":{"start":{"line":11,"column":0},"end":{"line":11,"column":49}},"4":{"start":{"line":12,"column":0},"end":{"line":12,"column":43}},"5":{"start":{"line":14,"column":0},"end":{"line":14,"column":47}},"6":{"start":{"line":15,"column":0},"end":{"line":15,"column":47}},"7":{"start":{"line":17,"column":0},"end":{"line":17,"column":43}},"8":{"start":{"line":18,"column":0},"end":{"line":18,"column":55}},"9":{"start":{"line":20,"column":0},"end":{"line":20,"column":45}},"10":{"start":{"line":22,"column":0},"end":{"line":40,"column":2}},"11":{"start":{"line":23,"column":2},"end":{"line":28,"column":3}},"12":{"start":{"line":24,"column":4},"end":{"line":24,"column":46}},"13":{"start":{"line":25,"column":4},"end":{"line":25,"column":25}},"14":{"start":{"line":27,"column":4},"end":{"line":27,"column":43}},"15":{"start":{"line":30,"column":2},"end":{"line":30,"column":39}},"16":{"start":{"line":31,"column":2},"end":{"line":31,"column":45}},"17":{"start":{"line":32,"column":2},"end":{"line":32,"column":33}},"18":{"start":{"line":33,"column":2},"end":{"line":33,"column":39}},"19":{"start":{"line":35,"column":2},"end":{"line":35,"column":37}},"20":{"start":{"line":36,"column":2},"end":{"line":36,"column":37}},"21":{"start":{"line":38,"column":2},"end":{"line":38,"column":33}},"22":{"start":{"line":39,"column":2},"end":{"line":39,"column":45}},"23":{"start":{"line":42,"column":0},"end":{"line":93,"column":4}},"24":{"start":{"line":43,"column":4},"end":{"line":43,"column":31}},"25":{"start":{"line":44,"column":4},"end":{"line":44,"column":34}},"26":{"start":{"line":45,"column":4},"end":{"line":58,"column":6}},"27":{"start":{"line":59,"column":4},"end":{"line":65,"column":5}},"28":{"start":{"line":60,"column":6},"end":{"line":60,"column":22}},"29":{"start":{"line":61,"column":11},"end":{"line":65,"column":5}},"30":{"start":{"line":62,"column":6},"end":{"line":62,"column":30}},"31":{"start":{"line":63,"column":11},"end":{"line":65,"column":5}},"32":{"start":{"line":64,"column":6},"end":{"line":64,"column":32}},"33":{"start":{"line":66,"column":4},"end":{"line":74,"column":7}},"34":{"start":{"line":67,"column":6},"end":{"line":67,"column":30}},"35":{"start":{"line":68,"column":6},"end":{"line":71,"column":7}},"36":{"start":{"line":69,"column":8},"end":{"line":69,"column":26}},"37":{"start":{"line":70,"column":8},"end":{"line":70,"column":27}},"38":{"start":{"line":72,"column":6},"end":{"line":72,"column":26}},"39":{"start":{"line":73,"column":6},"end":{"line":73,"column":18}},"40":{"start":{"line":75,"column":4},"end":{"line":92,"column":5}},"41":{"start":{"line":76,"column":6},"end":{"line":76,"column":22}},"42":{"start":{"line":77,"column":6},"end":{"line":90,"column":9}},"43":{"start":{"line":78,"column":8},"end":{"line":89,"column":9}},"44":{"start":{"line":79,"column":10},"end":{"line":81,"column":13}},"45":{"start":{"line":80,"column":12},"end":{"line":80,"column":61}},"46":{"start":{"line":82,"column":15},"end":{"line":89,"column":9}},"47":{"start":{"line":83,"column":10},"end":{"line":85,"column":12}},"48":{"start":{"line":86,"column":10},"end":{"line":86,"column":45}},"49":{"start":{"line":88,"column":10},"end":{"line":88,"column":36}},"50":{"start":{"line":91,"column":6},"end":{"line":91,"column":18}},"51":{"start":{"line":96,"column":0},"end":{"line":96,"column":21}}},"branchMap":{"1":{"line":23,"type":"if","locations":[{"start":{"line":23,"column":2},"end":{"line":23,"column":2}},{"start":{"line":23,"column":2},"end":{"line":23,"column":2}}]},"2":{"line":59,"type":"if","locations":[{"start":{"line":59,"column":4},"end":{"line":59,"column":4}},{"start":{"line":59,"column":4},"end":{"line":59,"column":4}}]},"3":{"line":61,"type":"if","locations":[{"start":{"line":61,"column":11},"end":{"line":61,"column":11}},{"start":{"line":61,"column":11},"end":{"line":61,"column":11}}]},"4":{"line":63,"type":"if","locations":[{"start":{"line":63,"column":11},"end":{"line":63,"column":11}},{"start":{"line":63,"column":11},"end":{"line":63,"column":11}}]},"5":{"line":68,"type":"if","locations":[{"start":{"line":68,"column":6},"end":{"line":68,"column":6}},{"start":{"line":68,"column":6},"end":{"line":68,"column":6}}]},"6":{"line":68,"type":"binary-expr","locations":[{"start":{"line":68,"column":11},"end":{"line":68,"column":31}},{"start":{"line":68,"column":36},"end":{"line":68,"column":48}}]},"7":{"line":75,"type":"if","locations":[{"start":{"line":75,"column":4},"end":{"line":75,"column":4}},{"start":{"line":75,"column":4},"end":{"line":75,"column":4}}]},"8":{"line":78,"type":"if","locations":[{"start":{"line":78,"column":8},"end":{"line":78,"column":8}},{"start":{"line":78,"column":8},"end":{"line":78,"column":8}}]},"9":{"line":78,"type":"binary-expr","locations":[{"start":{"line":78,"column":11},"end":{"line":78,"column":37}},{"start":{"line":78,"column":41},"end":{"line":78,"column":55}},{"start":{"line":78,"column":59},"end":{"line":78,"column":72}}]},"10":{"line":82,"type":"if","locations":[{"start":{"line":82,"column":15},"end":{"line":82,"column":15}},{"start":{"line":82,"column":15},"end":{"line":82,"column":15}}]}}},"/Users/bavidar/Documents/Projects/work/wrappers/lob-node/lib/resources/addresses.js":{"path":"/Users/bavidar/Documents/Projects/work/wrappers/lob-node/lib/resources/addresses.js","s":{"1":1,"2":1,"3":1,"4":8,"5":8,"6":8,"7":1,"8":1,"9":1,"10":0,"11":1,"12":1,"13":1,"14":0,"15":0,"16":0,"17":0,"18":1,"19":4,"20":4,"21":4,"22":1,"23":1,"24":1,"25":3,"26":3,"27":4,"28":4,"29":0,"30":4,"31":1,"32":7,"33":7,"34":4,"35":3,"36":1},"b":{"1":[0,1],"2":[0,0],"3":[1,3],"4":[3,1],"5":[3,1],"6":[0,4],"7":[4,3]},"f":{"1":8,"2":1,"3":1,"4":0,"5":0,"6":4,"7":4,"8":7,"9":7},"fnMap":{"1":{"name":"Addresses","line":5,"loc":{"start":{"line":5,"column":0},"end":{"line":5,"column":27}}},"2":{"name":"(anonymous_2)","line":11,"loc":{"start":{"line":11,"column":31},"end":{"line":11,"column":49}}},"3":{"name":"(anonymous_3)","line":24,"loc":{"start":{"line":24,"column":7},"end":{"line":24,"column":29}}},"4":{"name":"(anonymous_4)","line":34,"loc":{"start":{"line":34,"column":29},"end":{"line":34,"column":47}}},"5":{"name":"(anonymous_5)","line":47,"loc":{"start":{"line":47,"column":7},"end":{"line":47,"column":29}}},"6":{"name":"(anonymous_6)","line":56,"loc":{"start":{"line":56,"column":27},"end":{"line":56,"column":50}}},"7":{"name":"(anonymous_7)","line":84,"loc":{"start":{"line":84,"column":7},"end":{"line":84,"column":29}}},"8":{"name":"(anonymous_8)","line":93,"loc":{"start":{"line":93,"column":29},"end":{"line":93,"column":52}}},"9":{"name":"(anonymous_9)","line":107,"loc":{"start":{"line":107,"column":7},"end":{"line":107,"column":29}}}},"statementMap":{"1":{"start":{"line":1,"column":0},"end":{"line":1,"column":14}},"2":{"start":{"line":2,"column":0},"end":{"line":2,"column":33}},"3":{"start":{"line":5,"column":0},"end":{"line":9,"column":1}},"4":{"start":{"line":6,"column":2},"end":{"line":6,"column":43}},"5":{"start":{"line":7,"column":2},"end":{"line":7,"column":30}},"6":{"start":{"line":8,"column":2},"end":{"line":8,"column":14}},"7":{"start":{"line":11,"column":0},"end":{"line":32,"column":2}},"8":{"start":{"line":12,"column":2},"end":{"line":30,"column":7}},"9":{"start":{"line":25,"column":6},"end":{"line":29,"column":7}},"10":{"start":{"line":26,"column":8},"end":{"line":26,"column":32}},"11":{"start":{"line":28,"column":8},"end":{"line":28,"column":22}},"12":{"start":{"line":31,"column":2},"end":{"line":31,"column":14}},"13":{"start":{"line":34,"column":0},"end":{"line":54,"column":2}},"14":{"start":{"line":35,"column":2},"end":{"line":53,"column":7}},"15":{"start":{"line":48,"column":6},"end":{"line":52,"column":7}},"16":{"start":{"line":49,"column":8},"end":{"line":49,"column":32}},"17":{"start":{"line":51,"column":8},"end":{"line":51,"column":22}},"18":{"start":{"line":56,"column":0},"end":{"line":91,"column":2}},"19":{"start":{"line":57,"column":2},"end":{"line":57,"column":12}},"20":{"start":{"line":58,"column":2},"end":{"line":58,"column":13}},"21":{"start":{"line":59,"column":2},"end":{"line":66,"column":3}},"22":{"start":{"line":60,"column":4},"end":{"line":60,"column":15}},"23":{"start":{"line":61,"column":4},"end":{"line":61,"column":15}},"24":{"start":{"line":62,"column":4},"end":{"line":62,"column":19}},"25":{"start":{"line":64,"column":4},"end":{"line":64,"column":32}},"26":{"start":{"line":65,"column":4},"end":{"line":65,"column":33}},"27":{"start":{"line":68,"column":2},"end":{"line":90,"column":7}},"28":{"start":{"line":85,"column":6},"end":{"line":89,"column":7}},"29":{"start":{"line":86,"column":8},"end":{"line":86,"column":32}},"30":{"start":{"line":88,"column":8},"end":{"line":88,"column":22}},"31":{"start":{"line":93,"column":0},"end":{"line":114,"column":2}},"32":{"start":{"line":94,"column":2},"end":{"line":113,"column":7}},"33":{"start":{"line":108,"column":6},"end":{"line":112,"column":7}},"34":{"start":{"line":109,"column":8},"end":{"line":109,"column":32}},"35":{"start":{"line":111,"column":8},"end":{"line":111,"column":22}},"36":{"start":{"line":116,"column":0},"end":{"line":116,"column":27}}},"branchMap":{"1":{"line":25,"type":"if","locations":[{"start":{"line":25,"column":6},"end":{"line":25,"column":6}},{"start":{"line":25,"column":6},"end":{"line":25,"column":6}}]},"2":{"line":48,"type":"if","locations":[{"start":{"line":48,"column":6},"end":{"line":48,"column":6}},{"start":{"line":48,"column":6},"end":{"line":48,"column":6}}]},"3":{"line":59,"type":"if","locations":[{"start":{"line":59,"column":2},"end":{"line":59,"column":2}},{"start":{"line":59,"column":2},"end":{"line":59,"column":2}}]},"4":{"line":64,"type":"binary-expr","locations":[{"start":{"line":64,"column":12},"end":{"line":64,"column":25}},{"start":{"line":64,"column":29},"end":{"line":64,"column":31}}]},"5":{"line":65,"type":"binary-expr","locations":[{"start":{"line":65,"column":13},"end":{"line":65,"column":27}},{"start":{"line":65,"column":31},"end":{"line":65,"column":32}}]},"6":{"line":85,"type":"if","locations":[{"start":{"line":85,"column":6},"end":{"line":85,"column":6}},{"start":{"line":85,"column":6},"end":{"line":85,"column":6}}]},"7":{"line":108,"type":"if","locations":[{"start":{"line":108,"column":6},"end":{"line":108,"column":6}},{"start":{"line":108,"column":6},"end":{"line":108,"column":6}}]}}},"/Users/bavidar/Documents/Projects/work/wrappers/lob-node/lib/resources/verification.js":{"path":"/Users/bavidar/Documents/Projects/work/wrappers/lob-node/lib/resources/verification.js","s":{"1":1,"2":1,"3":1,"4":8,"5":8,"6":8,"7":1,"8":3,"9":3,"10":1,"11":2,"12":1},"b":{"1":[1,2]},"f":{"1":8,"2":3,"3":3},"fnMap":{"1":{"name":"Verification","line":5,"loc":{"start":{"line":5,"column":0},"end":{"line":5,"column":30}}},"2":{"name":"(anonymous_2)","line":11,"loc":{"start":{"line":11,"column":32},"end":{"line":11,"column":55}}},"3":{"name":"(anonymous_3)","line":25,"loc":{"start":{"line":25,"column":7},"end":{"line":25,"column":29}}}},"statementMap":{"1":{"start":{"line":1,"column":0},"end":{"line":1,"column":17}},"2":{"start":{"line":2,"column":0},"end":{"line":2,"column":33}},"3":{"start":{"line":5,"column":0},"end":{"line":9,"column":1}},"4":{"start":{"line":6,"column":2},"end":{"line":6,"column":40}},"5":{"start":{"line":7,"column":2},"end":{"line":7,"column":30}},"6":{"start":{"line":8,"column":2},"end":{"line":8,"column":14}},"7":{"start":{"line":11,"column":0},"end":{"line":32,"column":2}},"8":{"start":{"line":12,"column":2},"end":{"line":31,"column":7}},"9":{"start":{"line":26,"column":6},"end":{"line":30,"column":7}},"10":{"start":{"line":27,"column":8},"end":{"line":27,"column":32}},"11":{"start":{"line":29,"column":8},"end":{"line":29,"column":22}},"12":{"start":{"line":34,"column":0},"end":{"line":34,"column":30}}},"branchMap":{"1":{"line":26,"type":"if","locations":[{"start":{"line":26,"column":6},"end":{"line":26,"column":6}},{"start":{"line":26,"column":6},"end":{"line":26,"column":6}}]}}},"/Users/bavidar/Documents/Projects/work/wrappers/lob-node/lib/resources/countries.js":{"path":"/Users/bavidar/Documents/Projects/work/wrappers/lob-node/lib/resources/countries.js","s":{"1":1,"2":1,"3":1,"4":8,"5":8,"6":8,"7":1,"8":1,"9":1,"10":1},"b":{},"f":{"1":8,"2":1,"3":1},"fnMap":{"1":{"name":"Countries","line":5,"loc":{"start":{"line":5,"column":0},"end":{"line":5,"column":27}}},"2":{"name":"(anonymous_2)","line":13,"loc":{"start":{"line":13,"column":27},"end":{"line":13,"column":41}}},"3":{"name":"(anonymous_3)","line":26,"loc":{"start":{"line":26,"column":7},"end":{"line":26,"column":29}}}},"statementMap":{"1":{"start":{"line":1,"column":0},"end":{"line":1,"column":14}},"2":{"start":{"line":2,"column":0},"end":{"line":2,"column":33}},"3":{"start":{"line":5,"column":0},"end":{"line":9,"column":1}},"4":{"start":{"line":6,"column":2},"end":{"line":6,"column":43}},"5":{"start":{"line":7,"column":2},"end":{"line":7,"column":30}},"6":{"start":{"line":8,"column":2},"end":{"line":8,"column":14}},"7":{"start":{"line":13,"column":0},"end":{"line":29,"column":2}},"8":{"start":{"line":14,"column":2},"end":{"line":28,"column":7}},"9":{"start":{"line":27,"column":6},"end":{"line":27,"column":20}},"10":{"start":{"line":32,"column":0},"end":{"line":32,"column":27}}},"branchMap":{}},"/Users/bavidar/Documents/Projects/work/wrappers/lob-node/lib/resources/states.js":{"path":"/Users/bavidar/Documents/Projects/work/wrappers/lob-node/lib/resources/states.js","s":{"1":1,"2":1,"3":1,"4":8,"5":8,"6":8,"7":1,"8":1,"9":1,"10":1},"b":{},"f":{"1":8,"2":1,"3":1},"fnMap":{"1":{"name":"States","line":5,"loc":{"start":{"line":5,"column":0},"end":{"line":5,"column":24}}},"2":{"name":"(anonymous_2)","line":13,"loc":{"start":{"line":13,"column":24},"end":{"line":13,"column":38}}},"3":{"name":"(anonymous_3)","line":26,"loc":{"start":{"line":26,"column":7},"end":{"line":26,"column":29}}}},"statementMap":{"1":{"start":{"line":1,"column":0},"end":{"line":1,"column":11}},"2":{"start":{"line":2,"column":0},"end":{"line":2,"column":33}},"3":{"start":{"line":5,"column":0},"end":{"line":9,"column":1}},"4":{"start":{"line":6,"column":2},"end":{"line":6,"column":40}},"5":{"start":{"line":7,"column":2},"end":{"line":7,"column":30}},"6":{"start":{"line":8,"column":2},"end":{"line":8,"column":14}},"7":{"start":{"line":13,"column":0},"end":{"line":29,"column":2}},"8":{"start":{"line":14,"column":2},"end":{"line":28,"column":7}},"9":{"start":{"line":27,"column":6},"end":{"line":27,"column":20}},"10":{"start":{"line":32,"column":0},"end":{"line":32,"column":24}}},"branchMap":{}},"/Users/bavidar/Documents/Projects/work/wrappers/lob-node/lib/resources/settings.js":{"path":"/Users/bavidar/Documents/Projects/work/wrappers/lob-node/lib/resources/settings.js","s":{"1":1,"2":1,"3":1,"4":8,"5":8,"6":8,"7":1,"8":0,"9":0,"10":0,"11":0,"12":0,"13":1,"14":1,"15":1,"16":0,"17":1,"18":1},"b":{"1":[0,0],"2":[0,1]},"f":{"1":8,"2":0,"3":0,"4":1,"5":1},"fnMap":{"1":{"name":"Settings","line":5,"loc":{"start":{"line":5,"column":0},"end":{"line":5,"column":26}}},"2":{"name":"(anonymous_2)","line":11,"loc":{"start":{"line":11,"column":30},"end":{"line":11,"column":48}}},"3":{"name":"(anonymous_3)","line":24,"loc":{"start":{"line":24,"column":7},"end":{"line":24,"column":29}}},"4":{"name":"(anonymous_4)","line":36,"loc":{"start":{"line":36,"column":26},"end":{"line":36,"column":40}}},"5":{"name":"(anonymous_5)","line":49,"loc":{"start":{"line":49,"column":7},"end":{"line":49,"column":29}}}},"statementMap":{"1":{"start":{"line":1,"column":0},"end":{"line":1,"column":13}},"2":{"start":{"line":2,"column":0},"end":{"line":2,"column":33}},"3":{"start":{"line":5,"column":0},"end":{"line":9,"column":1}},"4":{"start":{"line":6,"column":2},"end":{"line":6,"column":42}},"5":{"start":{"line":7,"column":2},"end":{"line":7,"column":30}},"6":{"start":{"line":8,"column":2},"end":{"line":8,"column":14}},"7":{"start":{"line":11,"column":0},"end":{"line":32,"column":2}},"8":{"start":{"line":12,"column":2},"end":{"line":30,"column":7}},"9":{"start":{"line":25,"column":6},"end":{"line":29,"column":7}},"10":{"start":{"line":26,"column":8},"end":{"line":26,"column":32}},"11":{"start":{"line":28,"column":8},"end":{"line":28,"column":22}},"12":{"start":{"line":31,"column":2},"end":{"line":31,"column":14}},"13":{"start":{"line":36,"column":0},"end":{"line":56,"column":2}},"14":{"start":{"line":37,"column":2},"end":{"line":55,"column":7}},"15":{"start":{"line":50,"column":6},"end":{"line":54,"column":7}},"16":{"start":{"line":51,"column":8},"end":{"line":51,"column":32}},"17":{"start":{"line":53,"column":8},"end":{"line":53,"column":22}},"18":{"start":{"line":58,"column":0},"end":{"line":58,"column":26}}},"branchMap":{"1":{"line":25,"type":"if","locations":[{"start":{"line":25,"column":6},"end":{"line":25,"column":6}},{"start":{"line":25,"column":6},"end":{"line":25,"column":6}}]},"2":{"line":50,"type":"if","locations":[{"start":{"line":50,"column":6},"end":{"line":50,"column":6}},{"start":{"line":50,"column":6},"end":{"line":50,"column":6}}]}}},"/Users/bavidar/Documents/Projects/work/wrappers/lob-node/lib/resources/services.js":{"path":"/Users/bavidar/Documents/Projects/work/wrappers/lob-node/lib/resources/services.js","s":{"1":1,"2":1,"3":1,"4":8,"5":8,"6":8,"7":1,"8":0,"9":0,"10":0,"11":0,"12":0,"13":1,"14":1,"15":1,"16":0,"17":1,"18":1},"b":{"1":[0,0],"2":[0,1]},"f":{"1":8,"2":0,"3":0,"4":1,"5":1},"fnMap":{"1":{"name":"Services","line":5,"loc":{"start":{"line":5,"column":0},"end":{"line":5,"column":26}}},"2":{"name":"(anonymous_2)","line":11,"loc":{"start":{"line":11,"column":30},"end":{"line":11,"column":48}}},"3":{"name":"(anonymous_3)","line":24,"loc":{"start":{"line":24,"column":7},"end":{"line":24,"column":29}}},"4":{"name":"(anonymous_4)","line":36,"loc":{"start":{"line":36,"column":26},"end":{"line":36,"column":40}}},"5":{"name":"(anonymous_5)","line":49,"loc":{"start":{"line":49,"column":7},"end":{"line":49,"column":29}}}},"statementMap":{"1":{"start":{"line":1,"column":0},"end":{"line":1,"column":13}},"2":{"start":{"line":2,"column":0},"end":{"line":2,"column":33}},"3":{"start":{"line":5,"column":0},"end":{"line":9,"column":1}},"4":{"start":{"line":6,"column":2},"end":{"line":6,"column":42}},"5":{"start":{"line":7,"column":2},"end":{"line":7,"column":30}},"6":{"start":{"line":8,"column":2},"end":{"line":8,"column":14}},"7":{"start":{"line":11,"column":0},"end":{"line":32,"column":2}},"8":{"start":{"line":12,"column":2},"end":{"line":30,"column":7}},"9":{"start":{"line":25,"column":6},"end":{"line":29,"column":7}},"10":{"start":{"line":26,"column":8},"end":{"line":26,"column":32}},"11":{"start":{"line":28,"column":8},"end":{"line":28,"column":22}},"12":{"start":{"line":31,"column":2},"end":{"line":31,"column":14}},"13":{"start":{"line":36,"column":0},"end":{"line":56,"column":2}},"14":{"start":{"line":37,"column":2},"end":{"line":55,"column":7}},"15":{"start":{"line":50,"column":6},"end":{"line":54,"column":7}},"16":{"start":{"line":51,"column":8},"end":{"line":51,"column":32}},"17":{"start":{"line":53,"column":8},"end":{"line":53,"column":22}},"18":{"start":{"line":58,"column":0},"end":{"line":58,"column":26}}},"branchMap":{"1":{"line":25,"type":"if","locations":[{"start":{"line":25,"column":6},"end":{"line":25,"column":6}},{"start":{"line":25,"column":6},"end":{"line":25,"column":6}}]},"2":{"line":50,"type":"if","locations":[{"start":{"line":50,"column":6},"end":{"line":50,"column":6}},{"start":{"line":50,"column":6},"end":{"line":50,"column":6}}]}}},"/Users/bavidar/Documents/Projects/work/wrappers/lob-node/lib/resources/checks.js":{"path":"/Users/bavidar/Documents/Projects/work/wrappers/lob-node/lib/resources/checks.js","s":{"1":1,"2":1,"3":1,"4":8,"5":8,"6":8,"7":1,"8":1,"9":1,"10":1,"11":1,"12":0,"13":0,"14":1,"15":1,"16":1,"17":1,"18":1,"19":1,"20":1,"21":0,"22":0,"23":1,"24":1,"25":1,"26":3,"27":3,"28":1},"b":{"1":[1,0],"2":[0,0],"3":[0,0]},"f":{"1":8,"2":1,"3":1,"4":0,"5":0,"6":1,"7":1,"8":3,"9":3},"fnMap":{"1":{"name":"Checks","line":5,"loc":{"start":{"line":5,"column":0},"end":{"line":5,"column":24}}},"2":{"name":"(anonymous_2)","line":11,"loc":{"start":{"line":11,"column":28},"end":{"line":11,"column":46}}},"3":{"name":"(anonymous_3)","line":24,"loc":{"start":{"line":24,"column":7},"end":{"line":24,"column":29}}},"4":{"name":"(anonymous_4)","line":30,"loc":{"start":{"line":30,"column":26},"end":{"line":30,"column":44}}},"5":{"name":"(anonymous_5)","line":43,"loc":{"start":{"line":43,"column":7},"end":{"line":43,"column":29}}},"6":{"name":"(anonymous_6)","line":48,"loc":{"start":{"line":48,"column":24},"end":{"line":48,"column":47}}},"7":{"name":"(anonymous_7)","line":76,"loc":{"start":{"line":76,"column":7},"end":{"line":76,"column":29}}},"8":{"name":"(anonymous_8)","line":81,"loc":{"start":{"line":81,"column":26},"end":{"line":81,"column":49}}},"9":{"name":"(anonymous_9)","line":95,"loc":{"start":{"line":95,"column":7},"end":{"line":95,"column":29}}}},"statementMap":{"1":{"start":{"line":1,"column":0},"end":{"line":1,"column":11}},"2":{"start":{"line":2,"column":0},"end":{"line":2,"column":33}},"3":{"start":{"line":5,"column":0},"end":{"line":9,"column":1}},"4":{"start":{"line":6,"column":2},"end":{"line":6,"column":40}},"5":{"start":{"line":7,"column":2},"end":{"line":7,"column":30}},"6":{"start":{"line":8,"column":2},"end":{"line":8,"column":14}},"7":{"start":{"line":11,"column":0},"end":{"line":28,"column":2}},"8":{"start":{"line":12,"column":2},"end":{"line":26,"column":7}},"9":{"start":{"line":25,"column":6},"end":{"line":25,"column":20}},"10":{"start":{"line":27,"column":2},"end":{"line":27,"column":14}},"11":{"start":{"line":30,"column":0},"end":{"line":46,"column":2}},"12":{"start":{"line":31,"column":2},"end":{"line":45,"column":7}},"13":{"start":{"line":44,"column":6},"end":{"line":44,"column":20}},"14":{"start":{"line":48,"column":0},"end":{"line":79,"column":2}},"15":{"start":{"line":49,"column":2},"end":{"line":49,"column":12}},"16":{"start":{"line":50,"column":2},"end":{"line":50,"column":13}},"17":{"start":{"line":51,"column":2},"end":{"line":58,"column":3}},"18":{"start":{"line":52,"column":4},"end":{"line":52,"column":15}},"19":{"start":{"line":53,"column":4},"end":{"line":53,"column":15}},"20":{"start":{"line":54,"column":4},"end":{"line":54,"column":19}},"21":{"start":{"line":56,"column":4},"end":{"line":56,"column":32}},"22":{"start":{"line":57,"column":4},"end":{"line":57,"column":33}},"23":{"start":{"line":60,"column":2},"end":{"line":78,"column":7}},"24":{"start":{"line":77,"column":6},"end":{"line":77,"column":20}},"25":{"start":{"line":81,"column":0},"end":{"line":98,"column":2}},"26":{"start":{"line":82,"column":2},"end":{"line":97,"column":7}},"27":{"start":{"line":96,"column":6},"end":{"line":96,"column":20}},"28":{"start":{"line":100,"column":0},"end":{"line":100,"column":24}}},"branchMap":{"1":{"line":51,"type":"if","locations":[{"start":{"line":51,"column":2},"end":{"line":51,"column":2}},{"start":{"line":51,"column":2},"end":{"line":51,"column":2}}]},"2":{"line":56,"type":"binary-expr","locations":[{"start":{"line":56,"column":12},"end":{"line":56,"column":25}},{"start":{"line":56,"column":29},"end":{"line":56,"column":31}}]},"3":{"line":57,"type":"binary-expr","locations":[{"start":{"line":57,"column":13},"end":{"line":57,"column":27}},{"start":{"line":57,"column":31},"end":{"line":57,"column":32}}]}}},"/Users/bavidar/Documents/Projects/work/wrappers/lob-node/lib/resources/bankAccounts.js":{"path":"/Users/bavidar/Documents/Projects/work/wrappers/lob-node/lib/resources/bankAccounts.js","s":{"1":1,"2":1,"3":1,"4":8,"5":8,"6":8,"7":1,"8":1,"9":1,"10":0,"11":1,"12":1,"13":1,"14":0,"15":0,"16":0,"17":0,"18":1,"19":1,"20":1,"21":1,"22":1,"23":1,"24":1,"25":0,"26":0,"27":1,"28":1,"29":0,"30":1,"31":1,"32":3,"33":3,"34":0,"35":3,"36":1},"b":{"1":[0,1],"2":[0,0],"3":[1,0],"4":[0,0],"5":[0,0],"6":[0,1],"7":[0,3]},"f":{"1":8,"2":1,"3":1,"4":0,"5":0,"6":1,"7":1,"8":3,"9":3},"fnMap":{"1":{"name":"BankAccounts","line":4,"loc":{"start":{"line":4,"column":0},"end":{"line":4,"column":30}}},"2":{"name":"(anonymous_2)","line":10,"loc":{"start":{"line":10,"column":34},"end":{"line":10,"column":52}}},"3":{"name":"(anonymous_3)","line":23,"loc":{"start":{"line":23,"column":7},"end":{"line":23,"column":29}}},"4":{"name":"(anonymous_4)","line":33,"loc":{"start":{"line":33,"column":32},"end":{"line":33,"column":50}}},"5":{"name":"(anonymous_5)","line":46,"loc":{"start":{"line":46,"column":7},"end":{"line":46,"column":29}}},"6":{"name":"(anonymous_6)","line":55,"loc":{"start":{"line":55,"column":30},"end":{"line":55,"column":53}}},"7":{"name":"(anonymous_7)","line":82,"loc":{"start":{"line":82,"column":7},"end":{"line":82,"column":29}}},"8":{"name":"(anonymous_8)","line":91,"loc":{"start":{"line":91,"column":32},"end":{"line":91,"column":55}}},"9":{"name":"(anonymous_9)","line":105,"loc":{"start":{"line":105,"column":7},"end":{"line":105,"column":29}}}},"statementMap":{"1":{"start":{"line":1,"column":0},"end":{"line":1,"column":33}},"2":{"start":{"line":2,"column":0},"end":{"line":2,"column":17}},"3":{"start":{"line":4,"column":0},"end":{"line":8,"column":1}},"4":{"start":{"line":5,"column":2},"end":{"line":5,"column":47}},"5":{"start":{"line":6,"column":2},"end":{"line":6,"column":30}},"6":{"start":{"line":7,"column":2},"end":{"line":7,"column":14}},"7":{"start":{"line":10,"column":0},"end":{"line":31,"column":2}},"8":{"start":{"line":11,"column":2},"end":{"line":29,"column":7}},"9":{"start":{"line":24,"column":6},"end":{"line":28,"column":7}},"10":{"start":{"line":25,"column":8},"end":{"line":25,"column":32}},"11":{"start":{"line":27,"column":8},"end":{"line":27,"column":22}},"12":{"start":{"line":30,"column":2},"end":{"line":30,"column":14}},"13":{"start":{"line":33,"column":0},"end":{"line":53,"column":2}},"14":{"start":{"line":34,"column":2},"end":{"line":52,"column":7}},"15":{"start":{"line":47,"column":6},"end":{"line":51,"column":7}},"16":{"start":{"line":48,"column":8},"end":{"line":48,"column":32}},"17":{"start":{"line":50,"column":8},"end":{"line":50,"column":22}},"18":{"start":{"line":55,"column":0},"end":{"line":89,"column":2}},"19":{"start":{"line":56,"column":2},"end":{"line":56,"column":12}},"20":{"start":{"line":57,"column":2},"end":{"line":57,"column":13}},"21":{"start":{"line":58,"column":2},"end":{"line":65,"column":3}},"22":{"start":{"line":59,"column":4},"end":{"line":59,"column":15}},"23":{"start":{"line":60,"column":4},"end":{"line":60,"column":15}},"24":{"start":{"line":61,"column":4},"end":{"line":61,"column":19}},"25":{"start":{"line":63,"column":4},"end":{"line":63,"column":32}},"26":{"start":{"line":64,"column":4},"end":{"line":64,"column":33}},"27":{"start":{"line":66,"column":2},"end":{"line":88,"column":7}},"28":{"start":{"line":83,"column":6},"end":{"line":87,"column":7}},"29":{"start":{"line":84,"column":8},"end":{"line":84,"column":32}},"30":{"start":{"line":86,"column":8},"end":{"line":86,"column":22}},"31":{"start":{"line":91,"column":0},"end":{"line":112,"column":2}},"32":{"start":{"line":92,"column":2},"end":{"line":111,"column":7}},"33":{"start":{"line":106,"column":6},"end":{"line":110,"column":7}},"34":{"start":{"line":107,"column":8},"end":{"line":107,"column":32}},"35":{"start":{"line":109,"column":8},"end":{"line":109,"column":22}},"36":{"start":{"line":114,"column":0},"end":{"line":114,"column":30}}},"branchMap":{"1":{"line":24,"type":"if","locations":[{"start":{"line":24,"column":6},"end":{"line":24,"column":6}},{"start":{"line":24,"column":6},"end":{"line":24,"column":6}}]},"2":{"line":47,"type":"if","locations":[{"start":{"line":47,"column":6},"end":{"line":47,"column":6}},{"start":{"line":47,"column":6},"end":{"line":47,"column":6}}]},"3":{"line":58,"type":"if","locations":[{"start":{"line":58,"column":2},"end":{"line":58,"column":2}},{"start":{"line":58,"column":2},"end":{"line":58,"column":2}}]},"4":{"line":63,"type":"binary-expr","locations":[{"start":{"line":63,"column":12},"end":{"line":63,"column":25}},{"start":{"line":63,"column":29},"end":{"line":63,"column":31}}]},"5":{"line":64,"type":"binary-expr","locations":[{"start":{"line":64,"column":13},"end":{"line":64,"column":27}},{"start":{"line":64,"column":31},"end":{"line":64,"column":32}}]},"6":{"line":83,"type":"if","locations":[{"start":{"line":83,"column":6},"end":{"line":83,"column":6}},{"start":{"line":83,"column":6},"end":{"line":83,"column":6}}]},"7":{"line":106,"type":"if","locations":[{"start":{"line":106,"column":6},"end":{"line":106,"column":6}},{"start":{"line":106,"column":6},"end":{"line":106,"column":6}}]}}}}