TN:
SF:/Users/peternagel/workspace/lob/lob-node/lib/lob.js
FN:23,(anonymous_1)
FNF:1
FNH:1
FNDA:11,(anonymous_1)
DA:10,1
DA:11,1
DA:12,1
DA:13,1
DA:14,1
DA:15,1
DA:16,1
DA:17,1
DA:18,1
DA:19,1
DA:20,1
DA:23,1
DA:24,11
DA:25,11
DA:26,11
DA:28,0
DA:30,11
DA:31,11
DA:32,11
DA:33,11
DA:34,11
DA:35,11
DA:36,11
DA:37,11
DA:38,11
DA:39,11
DA:40,11
DA:45,1
LF:28
LH:27
BRDA:24,1,0,11
BRDA:24,1,1,0
BRF:2
BRH:1
end_of_record
TN:
SF:/Users/peternagel/workspace/lob/lob-node/lib/resources/jobs.js
FN:6,Jobs
FN:12,(anonymous_2)
FN:25,(anonymous_3)
FN:35,(anonymous_4)
FN:63,(anonymous_5)
FN:72,(anonymous_6)
FN:85,(anonymous_7)
FNF:7
FNH:7
FNDA:11,Jobs
FNDA:3,(anonymous_2)
FNDA:3,(anonymous_3)
FNDA:3,(anonymous_4)
FNDA:3,(anonymous_5)
FNDA:6,(anonymous_6)
FNDA:6,(anonymous_7)
DA:1,1
DA:2,1
DA:3,1
DA:6,1
DA:7,11
DA:8,11
DA:9,11
DA:12,1
DA:13,3
DA:26,3
DA:27,1
DA:29,2
DA:32,3
DA:35,1
DA:36,3
DA:37,3
DA:38,3
DA:39,1
DA:40,1
DA:41,1
DA:43,2
DA:44,2
DA:47,3
DA:64,3
DA:65,1
DA:67,2
DA:72,1
DA:73,6
DA:85,6
DA:86,6
DA:87,0
DA:89,6
DA:92,6
DA:94,6
DA:95,24
DA:96,18
DA:97,10
DA:98,80
DA:101,8
DA:106,6
DA:107,7
DA:108,7
DA:109,6
DA:110,1
DA:113,6
DA:114,18
DA:117,1
DA:122,1
LF:48
LH:47
BRDA:26,1,0,1
BRDA:26,1,1,2
BRDA:38,2,0,1
BRDA:38,2,1,2
BRDA:43,3,0,2
BRDA:43,3,1,0
BRDA:44,4,0,2
BRDA:44,4,1,2
BRDA:64,5,0,1
BRDA:64,5,1,2
BRDA:86,6,0,0
BRDA:86,6,1,6
BRDA:95,7,0,18
BRDA:95,7,1,6
BRDA:96,8,0,10
BRDA:96,8,1,8
BRDA:108,9,0,6
BRDA:108,9,1,1
BRDA:109,10,0,1
BRDA:109,10,1,5
BRF:20
BRH:18
end_of_record
TN:
SF:/Users/peternagel/workspace/lob/lob-node/lib/resources/addresses.js
FN:5,Addresses
FN:11,(anonymous_2)
FN:24,(anonymous_3)
FN:34,(anonymous_4)
FN:47,(anonymous_5)
FN:56,(anonymous_6)
FN:84,(anonymous_7)
FN:93,(anonymous_8)
FN:107,(anonymous_9)
FNF:9
FNH:7
FNDA:11,Addresses
FNDA:1,(anonymous_2)
FNDA:1,(anonymous_3)
FNDA:0,(anonymous_4)
FNDA:0,(anonymous_5)
FNDA:9,(anonymous_6)
FNDA:9,(anonymous_7)
FNDA:7,(anonymous_8)
FNDA:7,(anonymous_9)
DA:1,1
DA:2,1
DA:5,1
DA:6,11
DA:7,11
DA:8,11
DA:11,1
DA:12,1
DA:25,1
DA:26,0
DA:28,1
DA:31,1
DA:34,1
DA:35,0
DA:48,0
DA:49,0
DA:51,0
DA:56,1
DA:57,9
DA:58,9
DA:59,9
DA:60,1
DA:61,1
DA:62,1
DA:64,8
DA:65,8
DA:68,9
DA:85,9
DA:86,0
DA:88,9
DA:93,1
DA:94,7
DA:108,7
DA:109,4
DA:111,3
DA:116,1
LF:36
LH:30
BRDA:25,1,0,0
BRDA:25,1,1,1
BRDA:48,2,0,0
BRDA:48,2,1,0
BRDA:59,3,0,1
BRDA:59,3,1,8
BRDA:64,4,0,8
BRDA:64,4,1,1
BRDA:65,5,0,8
BRDA:65,5,1,6
BRDA:85,6,0,0
BRDA:85,6,1,9
BRDA:108,7,0,4
BRDA:108,7,1,3
BRF:14
BRH:10
end_of_record
TN:
SF:/Users/peternagel/workspace/lob/lob-node/lib/resources/verification.js
FN:5,Verification
FN:11,(anonymous_2)
FN:25,(anonymous_3)
FNF:3
FNH:3
FNDA:11,Verification
FNDA:3,(anonymous_2)
FNDA:3,(anonymous_3)
DA:1,1
DA:2,1
DA:5,1
DA:6,11
DA:7,11
DA:8,11
DA:11,1
DA:12,3
DA:26,3
DA:27,1
DA:29,2
DA:34,1
LF:12
LH:12
BRDA:26,1,0,1
BRDA:26,1,1,2
BRF:2
BRH:2
end_of_record
TN:
SF:/Users/peternagel/workspace/lob/lob-node/lib/resources/countries.js
FN:5,Countries
FN:13,(anonymous_2)
FN:26,(anonymous_3)
FNF:3
FNH:3
FNDA:11,Countries
FNDA:1,(anonymous_2)
FNDA:1,(anonymous_3)
DA:1,1
DA:2,1
DA:5,1
DA:6,11
DA:7,11
DA:8,11
DA:13,1
DA:14,1
DA:27,1
DA:32,1
LF:10
LH:10
BRF:0
BRH:0
end_of_record
TN:
SF:/Users/peternagel/workspace/lob/lob-node/lib/resources/states.js
FN:5,States
FN:13,(anonymous_2)
FN:26,(anonymous_3)
FNF:3
FNH:3
FNDA:11,States
FNDA:1,(anonymous_2)
FNDA:1,(anonymous_3)
DA:1,1
DA:2,1
DA:5,1
DA:6,11
DA:7,11
DA:8,11
DA:13,1
DA:14,1
DA:27,1
DA:32,1
LF:10
LH:10
BRF:0
BRH:0
end_of_record
TN:
SF:/Users/peternagel/workspace/lob/lob-node/lib/resources/objects.js
FN:6,Objects
FN:12,(anonymous_2)
FN:25,(anonymous_3)
FN:35,(anonymous_4)
FN:63,(anonymous_5)
FN:72,(anonymous_6)
FN:85,(anonymous_7)
FNF:7
FNH:7
FNDA:11,Objects
FNDA:2,(anonymous_2)
FNDA:2,(anonymous_3)
FNDA:4,(anonymous_4)
FNDA:4,(anonymous_5)
FNDA:3,(anonymous_6)
FNDA:3,(anonymous_7)
DA:1,1
DA:2,1
DA:3,1
DA:6,1
DA:7,11
DA:8,11
DA:9,11
DA:12,1
DA:13,2
DA:26,2
DA:27,1
DA:29,1
DA:32,2
DA:35,1
DA:36,4
DA:37,4
DA:38,4
DA:39,1
DA:40,1
DA:41,1
DA:43,3
DA:44,3
DA:47,4
DA:64,4
DA:65,1
DA:67,3
DA:72,1
DA:73,3
DA:85,3
DA:86,3
DA:87,0
DA:89,3
DA:92,3
DA:94,3
DA:95,9
DA:96,3
DA:97,1
DA:100,9
DA:104,1
LF:39
LH:38
BRDA:26,1,0,1
BRDA:26,1,1,1
BRDA:38,2,0,1
BRDA:38,2,1,3
BRDA:43,3,0,3
BRDA:43,3,1,0
BRDA:44,4,0,3
BRDA:44,4,1,3
BRDA:64,5,0,1
BRDA:64,5,1,3
BRDA:86,6,0,0
BRDA:86,6,1,3
BRDA:95,7,0,3
BRDA:95,7,1,6
BRDA:96,8,0,1
BRDA:96,8,1,2
BRF:16
BRH:14
end_of_record
TN:
SF:/Users/peternagel/workspace/lob/lob-node/lib/resources/settings.js
FN:5,Settings
FN:11,(anonymous_2)
FN:24,(anonymous_3)
FN:36,(anonymous_4)
FN:49,(anonymous_5)
FNF:5
FNH:3
FNDA:11,Settings
FNDA:0,(anonymous_2)
FNDA:0,(anonymous_3)
FNDA:1,(anonymous_4)
FNDA:1,(anonymous_5)
DA:1,1
DA:2,1
DA:5,1
DA:6,11
DA:7,11
DA:8,11
DA:11,1
DA:12,0
DA:25,0
DA:26,0
DA:28,0
DA:31,0
DA:36,1
DA:37,1
DA:50,1
DA:51,0
DA:53,1
DA:58,1
LF:18
LH:12
BRDA:25,1,0,0
BRDA:25,1,1,0
BRDA:50,2,0,0
BRDA:50,2,1,1
BRF:4
BRH:1
end_of_record
TN:
SF:/Users/peternagel/workspace/lob/lob-node/lib/resources/services.js
FN:5,Services
FN:11,(anonymous_2)
FN:24,(anonymous_3)
FN:36,(anonymous_4)
FN:49,(anonymous_5)
FNF:5
FNH:3
FNDA:11,Services
FNDA:0,(anonymous_2)
FNDA:0,(anonymous_3)
FNDA:1,(anonymous_4)
FNDA:1,(anonymous_5)
DA:1,1
DA:2,1
DA:5,1
DA:6,11
DA:7,11
DA:8,11
DA:11,1
DA:12,0
DA:25,0
DA:26,0
DA:28,0
DA:31,0
DA:36,1
DA:37,1
DA:50,1
DA:51,0
DA:53,1
DA:58,1
LF:18
LH:12
BRDA:25,1,0,0
BRDA:25,1,1,0
BRDA:50,2,0,0
BRDA:50,2,1,1
BRF:4
BRH:1
end_of_record
TN:
SF:/Users/peternagel/workspace/lob/lob-node/lib/resources/postcards.js
FN:6,Postcards
FN:12,(anonymous_2)
FN:25,(anonymous_3)
FN:35,(anonymous_4)
FN:63,(anonymous_5)
FN:72,(anonymous_6)
FN:85,(anonymous_7)
FNF:7
FNH:7
FNDA:11,Postcards
FNDA:2,(anonymous_2)
FNDA:2,(anonymous_3)
FNDA:5,(anonymous_4)
FNDA:5,(anonymous_5)
FNDA:5,(anonymous_6)
FNDA:5,(anonymous_7)
DA:1,1
DA:2,1
DA:3,1
DA:6,1
DA:7,11
DA:8,11
DA:9,11
DA:12,1
DA:13,2
DA:26,2
DA:27,1
DA:29,1
DA:32,2
DA:35,1
DA:36,5
DA:37,5
DA:38,5
DA:39,1
DA:40,1
DA:41,1
DA:43,4
DA:44,4
DA:47,5
DA:64,5
DA:65,1
DA:67,4
DA:72,1
DA:73,5
DA:85,5
DA:86,5
DA:87,0
DA:89,5
DA:92,5
DA:94,5
DA:95,20
DA:96,1
DA:97,8
DA:100,19
DA:104,5
DA:105,5
DA:106,2
DA:110,5
DA:111,4
DA:112,2
DA:118,1
LF:45
LH:44
BRDA:26,1,0,1
BRDA:26,1,1,1
BRDA:38,2,0,1
BRDA:38,2,1,4
BRDA:43,3,0,4
BRDA:43,3,1,0
BRDA:44,4,0,4
BRDA:44,4,1,2
BRDA:64,5,0,1
BRDA:64,5,1,4
BRDA:86,6,0,0
BRDA:86,6,1,5
BRDA:95,7,0,1
BRDA:95,7,1,19
BRDA:104,8,0,5
BRDA:104,8,1,0
BRDA:105,9,0,2
BRDA:105,9,1,3
BRDA:110,10,0,4
BRDA:110,10,1,1
BRDA:111,11,0,2
BRDA:111,11,1,2
BRF:22
BRH:19
end_of_record
TN:
SF:/Users/peternagel/workspace/lob/lob-node/lib/resources/checks.js
FN:5,Checks
FN:11,(anonymous_2)
FN:24,(anonymous_3)
FN:30,(anonymous_4)
FN:43,(anonymous_5)
FN:48,(anonymous_6)
FN:76,(anonymous_7)
FN:81,(anonymous_8)
FN:95,(anonymous_9)
FNF:9
FNH:7
FNDA:11,Checks
FNDA:1,(anonymous_2)
FNDA:1,(anonymous_3)
FNDA:0,(anonymous_4)
FNDA:0,(anonymous_5)
FNDA:1,(anonymous_6)
FNDA:1,(anonymous_7)
FNDA:3,(anonymous_8)
FNDA:3,(anonymous_9)
DA:1,1
DA:2,1
DA:5,1
DA:6,11
DA:7,11
DA:8,11
DA:11,1
DA:12,1
DA:25,1
DA:27,1
DA:30,1
DA:31,0
DA:44,0
DA:48,1
DA:49,1
DA:50,1
DA:51,1
DA:52,1
DA:53,1
DA:54,1
DA:56,0
DA:57,0
DA:60,1
DA:77,1
DA:81,1
DA:82,3
DA:96,3
DA:100,1
LF:28
LH:24
BRDA:51,1,0,1
BRDA:51,1,1,0
BRDA:56,2,0,0
BRDA:56,2,1,0
BRDA:57,3,0,0
BRDA:57,3,1,0
BRF:6
BRH:1
end_of_record
TN:
SF:/Users/peternagel/workspace/lob/lob-node/lib/resources/bankAccounts.js
FN:4,BankAccounts
FN:10,(anonymous_2)
FN:23,(anonymous_3)
FN:33,(anonymous_4)
FN:46,(anonymous_5)
FN:55,(anonymous_6)
FN:82,(anonymous_7)
FN:91,(anonymous_8)
FN:105,(anonymous_9)
FNF:9
FNH:7
FNDA:11,BankAccounts
FNDA:1,(anonymous_2)
FNDA:1,(anonymous_3)
FNDA:0,(anonymous_4)
FNDA:0,(anonymous_5)
FNDA:1,(anonymous_6)
FNDA:1,(anonymous_7)
FNDA:3,(anonymous_8)
FNDA:3,(anonymous_9)
DA:1,1
DA:2,1
DA:4,1
DA:5,11
DA:6,11
DA:7,11
DA:10,1
DA:11,1
DA:24,1
DA:25,0
DA:27,1
DA:30,1
DA:33,1
DA:34,0
DA:47,0
DA:48,0
DA:50,0
DA:55,1
DA:56,1
DA:57,1
DA:58,1
DA:59,1
DA:60,1
DA:61,1
DA:63,0
DA:64,0
DA:66,1
DA:83,1
DA:84,0
DA:86,1
DA:91,1
DA:92,3
DA:106,3
DA:107,0
DA:109,3
DA:114,1
LF:36
LH:27
BRDA:24,1,0,0
BRDA:24,1,1,1
BRDA:47,2,0,0
BRDA:47,2,1,0
BRDA:58,3,0,1
BRDA:58,3,1,0
BRDA:63,4,0,0
BRDA:63,4,1,0
BRDA:64,5,0,0
BRDA:64,5,1,0
BRDA:83,6,0,0
BRDA:83,6,1,1
BRDA:106,7,0,0
BRDA:106,7,1,3
BRF:14
BRH:4
end_of_record
