TN:
SF:/Users/bavidar/Documents/Projects/work/wrappers/lob-node/lib/lob.js
FN:22,(anonymous_1)
FN:42,(anonymous_2)
FN:66,(anonymous_3)
FN:77,(anonymous_4)
FN:79,(anonymous_5)
FNF:5
FNH:1
FNDA:8,(anonymous_1)
FNDA:0,(anonymous_2)
FNDA:0,(anonymous_3)
FNDA:0,(anonymous_4)
FNDA:0,(anonymous_5)
DA:9,1
DA:10,1
DA:11,1
DA:12,1
DA:14,1
DA:15,1
DA:17,1
DA:18,1
DA:20,1
DA:22,1
DA:23,8
DA:24,8
DA:25,8
DA:27,0
DA:30,8
DA:31,8
DA:32,8
DA:33,8
DA:35,8
DA:36,8
DA:38,8
DA:39,8
DA:42,1
DA:43,0
DA:44,0
DA:45,0
DA:59,0
DA:60,0
DA:61,0
DA:62,0
DA:63,0
DA:64,0
DA:66,0
DA:67,0
DA:68,0
DA:69,0
DA:70,0
DA:72,0
DA:73,0
DA:75,0
DA:76,0
DA:77,0
DA:78,0
DA:79,0
DA:80,0
DA:82,0
DA:83,0
DA:86,0
DA:88,0
DA:91,0
DA:96,1
LF:51
LH:23
BRDA:23,1,0,8
BRDA:23,1,1,0
BRDA:59,2,0,0
BRDA:59,2,1,0
BRDA:61,3,0,0
BRDA:61,3,1,0
BRDA:63,4,0,0
BRDA:63,4,1,0
BRDA:68,5,0,0
BRDA:68,5,1,0
BRDA:68,6,0,0
BRDA:68,6,1,0
BRDA:75,7,0,0
BRDA:75,7,1,0
BRDA:78,8,0,0
BRDA:78,8,1,0
BRDA:78,9,0,0
BRDA:78,9,1,0
BRDA:78,9,2,0
BRDA:82,10,0,0
BRDA:82,10,1,0
BRF:21
BRH:1
end_of_record
TN:
SF:/Users/bavidar/Documents/Projects/work/wrappers/lob-node/lib/resources/addresses.js
FN:5,Addresses
FN:11,(anonymous_2)
FN:24,(anonymous_3)
FN:34,(anonymous_4)
FN:47,(anonymous_5)
FN:56,(anonymous_6)
FN:84,(anonymous_7)
FN:93,(anonymous_8)
FN:107,(anonymous_9)
FNF:9
FNH:7
FNDA:8,Addresses
FNDA:1,(anonymous_2)
FNDA:1,(anonymous_3)
FNDA:0,(anonymous_4)
FNDA:0,(anonymous_5)
FNDA:4,(anonymous_6)
FNDA:4,(anonymous_7)
FNDA:7,(anonymous_8)
FNDA:7,(anonymous_9)
DA:1,1
DA:2,1
DA:5,1
DA:6,8
DA:7,8
DA:8,8
DA:11,1
DA:12,1
DA:25,1
DA:26,0
DA:28,1
DA:31,1
DA:34,1
DA:35,0
DA:48,0
DA:49,0
DA:51,0
DA:56,1
DA:57,4
DA:58,4
DA:59,4
DA:60,1
DA:61,1
DA:62,1
DA:64,3
DA:65,3
DA:68,4
DA:85,4
DA:86,0
DA:88,4
DA:93,1
DA:94,7
DA:108,7
DA:109,4
DA:111,3
DA:116,1
LF:36
LH:30
BRDA:25,1,0,0
BRDA:25,1,1,1
BRDA:48,2,0,0
BRDA:48,2,1,0
BRDA:59,3,0,1
BRDA:59,3,1,3
BRDA:64,4,0,3
BRDA:64,4,1,1
BRDA:65,5,0,3
BRDA:65,5,1,1
BRDA:85,6,0,0
BRDA:85,6,1,4
BRDA:108,7,0,4
BRDA:108,7,1,3
BRF:14
BRH:10
end_of_record
TN:
SF:/Users/bavidar/Documents/Projects/work/wrappers/lob-node/lib/resources/verification.js
FN:5,Verification
FN:11,(anonymous_2)
FN:25,(anonymous_3)
FNF:3
FNH:3
FNDA:8,Verification
FNDA:3,(anonymous_2)
FNDA:3,(anonymous_3)
DA:1,1
DA:2,1
DA:5,1
DA:6,8
DA:7,8
DA:8,8
DA:11,1
DA:12,3
DA:26,3
DA:27,1
DA:29,2
DA:34,1
LF:12
LH:12
BRDA:26,1,0,1
BRDA:26,1,1,2
BRF:2
BRH:2
end_of_record
TN:
SF:/Users/bavidar/Documents/Projects/work/wrappers/lob-node/lib/resources/countries.js
FN:5,Countries
FN:13,(anonymous_2)
FN:26,(anonymous_3)
FNF:3
FNH:3
FNDA:8,Countries
FNDA:1,(anonymous_2)
FNDA:1,(anonymous_3)
DA:1,1
DA:2,1
DA:5,1
DA:6,8
DA:7,8
DA:8,8
DA:13,1
DA:14,1
DA:27,1
DA:32,1
LF:10
LH:10
BRF:0
BRH:0
end_of_record
TN:
SF:/Users/bavidar/Documents/Projects/work/wrappers/lob-node/lib/resources/states.js
FN:5,States
FN:13,(anonymous_2)
FN:26,(anonymous_3)
FNF:3
FNH:3
FNDA:8,States
FNDA:1,(anonymous_2)
FNDA:1,(anonymous_3)
DA:1,1
DA:2,1
DA:5,1
DA:6,8
DA:7,8
DA:8,8
DA:13,1
DA:14,1
DA:27,1
DA:32,1
LF:10
LH:10
BRF:0
BRH:0
end_of_record
TN:
SF:/Users/bavidar/Documents/Projects/work/wrappers/lob-node/lib/resources/settings.js
FN:5,Settings
FN:11,(anonymous_2)
FN:24,(anonymous_3)
FN:36,(anonymous_4)
FN:49,(anonymous_5)
FNF:5
FNH:3
FNDA:8,Settings
FNDA:0,(anonymous_2)
FNDA:0,(anonymous_3)
FNDA:1,(anonymous_4)
FNDA:1,(anonymous_5)
DA:1,1
DA:2,1
DA:5,1
DA:6,8
DA:7,8
DA:8,8
DA:11,1
DA:12,0
DA:25,0
DA:26,0
DA:28,0
DA:31,0
DA:36,1
DA:37,1
DA:50,1
DA:51,0
DA:53,1
DA:58,1
LF:18
LH:12
BRDA:25,1,0,0
BRDA:25,1,1,0
BRDA:50,2,0,0
BRDA:50,2,1,1
BRF:4
BRH:1
end_of_record
TN:
SF:/Users/bavidar/Documents/Projects/work/wrappers/lob-node/lib/resources/services.js
FN:5,Services
FN:11,(anonymous_2)
FN:24,(anonymous_3)
FN:36,(anonymous_4)
FN:49,(anonymous_5)
FNF:5
FNH:3
FNDA:8,Services
FNDA:0,(anonymous_2)
FNDA:0,(anonymous_3)
FNDA:1,(anonymous_4)
FNDA:1,(anonymous_5)
DA:1,1
DA:2,1
DA:5,1
DA:6,8
DA:7,8
DA:8,8
DA:11,1
DA:12,0
DA:25,0
DA:26,0
DA:28,0
DA:31,0
DA:36,1
DA:37,1
DA:50,1
DA:51,0
DA:53,1
DA:58,1
LF:18
LH:12
BRDA:25,1,0,0
BRDA:25,1,1,0
BRDA:50,2,0,0
BRDA:50,2,1,1
BRF:4
BRH:1
end_of_record
TN:
SF:/Users/bavidar/Documents/Projects/work/wrappers/lob-node/lib/resources/checks.js
FN:5,Checks
FN:11,(anonymous_2)
FN:24,(anonymous_3)
FN:30,(anonymous_4)
FN:43,(anonymous_5)
FN:48,(anonymous_6)
FN:76,(anonymous_7)
FN:81,(anonymous_8)
FN:95,(anonymous_9)
FNF:9
FNH:7
FNDA:8,Checks
FNDA:1,(anonymous_2)
FNDA:1,(anonymous_3)
FNDA:0,(anonymous_4)
FNDA:0,(anonymous_5)
FNDA:1,(anonymous_6)
FNDA:1,(anonymous_7)
FNDA:3,(anonymous_8)
FNDA:3,(anonymous_9)
DA:1,1
DA:2,1
DA:5,1
DA:6,8
DA:7,8
DA:8,8
DA:11,1
DA:12,1
DA:25,1
DA:27,1
DA:30,1
DA:31,0
DA:44,0
DA:48,1
DA:49,1
DA:50,1
DA:51,1
DA:52,1
DA:53,1
DA:54,1
DA:56,0
DA:57,0
DA:60,1
DA:77,1
DA:81,1
DA:82,3
DA:96,3
DA:100,1
LF:28
LH:24
BRDA:51,1,0,1
BRDA:51,1,1,0
BRDA:56,2,0,0
BRDA:56,2,1,0
BRDA:57,3,0,0
BRDA:57,3,1,0
BRF:6
BRH:1
end_of_record
TN:
SF:/Users/bavidar/Documents/Projects/work/wrappers/lob-node/lib/resources/bankAccounts.js
FN:4,BankAccounts
FN:10,(anonymous_2)
FN:23,(anonymous_3)
FN:33,(anonymous_4)
FN:46,(anonymous_5)
FN:55,(anonymous_6)
FN:82,(anonymous_7)
FN:91,(anonymous_8)
FN:105,(anonymous_9)
FNF:9
FNH:7
FNDA:8,BankAccounts
FNDA:1,(anonymous_2)
FNDA:1,(anonymous_3)
FNDA:0,(anonymous_4)
FNDA:0,(anonymous_5)
FNDA:1,(anonymous_6)
FNDA:1,(anonymous_7)
FNDA:3,(anonymous_8)
FNDA:3,(anonymous_9)
DA:1,1
DA:2,1
DA:4,1
DA:5,8
DA:6,8
DA:7,8
DA:10,1
DA:11,1
DA:24,1
DA:25,0
DA:27,1
DA:30,1
DA:33,1
DA:34,0
DA:47,0
DA:48,0
DA:50,0
DA:55,1
DA:56,1
DA:57,1
DA:58,1
DA:59,1
DA:60,1
DA:61,1
DA:63,0
DA:64,0
DA:66,1
DA:83,1
DA:84,0
DA:86,1
DA:91,1
DA:92,3
DA:106,3
DA:107,0
DA:109,3
DA:114,1
LF:36
LH:27
BRDA:24,1,0,0
BRDA:24,1,1,1
BRDA:47,2,0,0
BRDA:47,2,1,0
BRDA:58,3,0,1
BRDA:58,3,1,0
BRDA:63,4,0,0
BRDA:63,4,1,0
BRDA:64,5,0,0
BRDA:64,5,1,0
BRDA:83,6,0,0
BRDA:83,6,1,1
BRDA:106,7,0,0
BRDA:106,7,1,3
BRF:14
BRH:4
end_of_record
